
======================================================================
🐍 SNAKE AI - CNN TRAINING
======================================================================
  🖥️  Device           : cuda
  🌍 Ambienti paralleli: 64
  📦 Batch size        : 512
  🎯 Target episodi    : 50,000
  🧠 Architettura      : CNN (3x15x17) → Dueling DQN
  📝 Log file          : C:\Users\carlo\Desktop\Progetti-AI\Snake\logs\train_20260321_131857.log
======================================================================

🔧 Inizializzazione modelli CNN...
✓ Modelli CNN creati — parametri: 8,610,308
🔍 Caricamento modello da: C:\Users\carlo\Desktop\Progetti-AI\Snake\models\snake_model_best.pt
✅ Modello caricato!
📊 Best score precedente: 34

💾 Inizializzazione SumTree PER...
✓ SumTree pronto
🌍 Inizializzazione 64 ambienti paralleli...
✓ Ambienti pronti

🚀 TRAINING INIZIATO!
📊 Statistiche ogni 100 episodi — tutto salvato in: C:\Users\carlo\Desktop\Progetti-AI\Snake\logs\train_20260321_131857.log


======================================================================
📊 EPISODIO 100 | ⏱️  00:00:20
======================================================================
  🏆 Best Score     :  34 mele
  📈 Avg (100 ep)   :  4.63 mele
  🎲 Epsilon        : 0.0832 (91.7% sfruttamento)
  💾 Memory size    : 12,993 / 200,000
  ⚡ Velocità       : 4.8 ep/sec
======================================================================


======================================================================
📊 EPISODIO 200 | ⏱️  00:00:30
======================================================================
  🏆 Best Score     :  34 mele
  📈 Avg (100 ep)   :  6.44 mele
  🎲 Epsilon        : 0.0832 (91.7% sfruttamento)
  💾 Memory size    : 22,763 / 200,000
  ⚡ Velocità       : 10.2 ep/sec
======================================================================


======================================================================
📊 EPISODIO 300 | ⏱️  00:00:41
======================================================================
  🏆 Best Score     :  34 mele
  📈 Avg (100 ep)   :  8.23 mele
  🎲 Epsilon        : 0.0830 (91.7% sfruttamento)
  💾 Memory size    : 33,269 / 200,000
  ⚡ Velocità       : 9.3 ep/sec
======================================================================


======================================================================
📊 EPISODIO 400 | ⏱️  00:00:52
======================================================================
  🏆 Best Score     :  34 mele
  📈 Avg (100 ep)   :  5.40 mele
  🎲 Epsilon        : 0.0829 (91.7% sfruttamento)
  💾 Memory size    : 44,323 / 200,000
  ⚡ Velocità       : 8.9 ep/sec
======================================================================


======================================================================
📊 EPISODIO 500 | ⏱️  00:01:00
======================================================================
  🏆 Best Score     :  34 mele
  📈 Avg (100 ep)   :  7.40 mele
  🎲 Epsilon        : 0.0829 (91.7% sfruttamento)
  💾 Memory size    : 51,732 / 200,000
  ⚡ Velocità       : 13.4 ep/sec
======================================================================


======================================================================
📊 EPISODIO 600 | ⏱️  00:01:12
======================================================================
  🏆 Best Score     :  34 mele
  📈 Avg (100 ep)   :  6.86 mele
  🎲 Epsilon        : 0.0827 (91.7% sfruttamento)
  💾 Memory size    : 63,950 / 200,000
  ⚡ Velocità       : 8.0 ep/sec
======================================================================


======================================================================
📊 EPISODIO 700 | ⏱️  00:01:23
======================================================================
  🏆 Best Score     :  34 mele
  📈 Avg (100 ep)   :  8.01 mele
  🎲 Epsilon        : 0.0826 (91.7% sfruttamento)
  💾 Memory size    : 74,713 / 200,000
  ⚡ Velocità       : 9.1 ep/sec
======================================================================


======================================================================
📊 EPISODIO 800 | ⏱️  00:01:33
======================================================================
  🏆 Best Score     :  34 mele
  📈 Avg (100 ep)   :  7.29 mele
  🎲 Epsilon        : 0.0825 (91.7% sfruttamento)
  💾 Memory size    : 84,093 / 200,000
  ⚡ Velocità       : 10.3 ep/sec
======================================================================


======================================================================
📊 EPISODIO 900 | ⏱️  00:01:43
======================================================================
  🏆 Best Score     :  34 mele
  📈 Avg (100 ep)   :  6.46 mele
  🎲 Epsilon        : 0.0824 (91.8% sfruttamento)
  💾 Memory size    : 93,344 / 200,000
  ⚡ Velocità       : 10.5 ep/sec
======================================================================


======================================================================
📊 EPISODIO 1,000 | ⏱️  00:01:53
======================================================================
  🏆 Best Score     :  34 mele
  📈 Avg (100 ep)   :  6.92 mele
  🎲 Epsilon        : 0.0823 (91.8% sfruttamento)
  💾 Memory size    : 103,918 / 200,000
  ⚡ Velocità       : 9.2 ep/sec
======================================================================


======================================================================
📊 EPISODIO 1,100 | ⏱️  00:02:04
======================================================================
  🏆 Best Score     :  34 mele
  📈 Avg (100 ep)   :  6.46 mele
  🎲 Epsilon        : 0.0822 (91.8% sfruttamento)
  💾 Memory size    : 114,330 / 200,000
  ⚡ Velocità       : 9.3 ep/sec
======================================================================


======================================================================
📊 EPISODIO 1,200 | ⏱️  00:02:14
======================================================================
  🏆 Best Score     :  34 mele
  📈 Avg (100 ep)   :  6.77 mele
  🎲 Epsilon        : 0.0821 (91.8% sfruttamento)
  💾 Memory size    : 124,009 / 200,000
  ⚡ Velocità       : 10.1 ep/sec
======================================================================


======================================================================
📊 EPISODIO 1,300 | ⏱️  00:02:25
======================================================================
  🏆 Best Score     :  34 mele
  📈 Avg (100 ep)   :  6.29 mele
  🎲 Epsilon        : 0.0820 (91.8% sfruttamento)
  💾 Memory size    : 134,135 / 200,000
  ⚡ Velocità       : 9.6 ep/sec
======================================================================


======================================================================
📊 EPISODIO 1,400 | ⏱️  00:02:36
======================================================================
  🏆 Best Score     :  34 mele
  📈 Avg (100 ep)   :  7.89 mele
  🎲 Epsilon        : 0.0819 (91.8% sfruttamento)
  💾 Memory size    : 145,597 / 200,000
  ⚡ Velocità       : 8.4 ep/sec
======================================================================


======================================================================
📊 EPISODIO 1,500 | ⏱️  00:02:46
======================================================================
  🏆 Best Score     :  34 mele
  📈 Avg (100 ep)   :  7.10 mele
  🎲 Epsilon        : 0.0818 (91.8% sfruttamento)
  💾 Memory size    : 154,673 / 200,000
  ⚡ Velocità       : 10.7 ep/sec
======================================================================


======================================================================
📊 EPISODIO 1,600 | ⏱️  00:02:57
======================================================================
  🏆 Best Score     :  34 mele
  📈 Avg (100 ep)   :  7.53 mele
  🎲 Epsilon        : 0.0817 (91.8% sfruttamento)
  💾 Memory size    : 165,376 / 200,000
  ⚡ Velocità       : 9.0 ep/sec
======================================================================


======================================================================
📊 EPISODIO 1,700 | ⏱️  00:03:05
======================================================================
  🏆 Best Score     :  34 mele
  📈 Avg (100 ep)   :  8.09 mele
  🎲 Epsilon        : 0.0816 (91.8% sfruttamento)
  💾 Memory size    : 173,598 / 200,000
  ⚡ Velocità       : 11.8 ep/sec
======================================================================


======================================================================
📊 EPISODIO 1,800 | ⏱️  00:03:17
======================================================================
  🏆 Best Score     :  34 mele
  📈 Avg (100 ep)   :  6.36 mele
  🎲 Epsilon        : 0.0815 (91.8% sfruttamento)
  💾 Memory size    : 184,786 / 200,000
  ⚡ Velocità       : 8.6 ep/sec
======================================================================


======================================================================
📊 EPISODIO 1,900 | ⏱️  00:03:27
======================================================================
  🏆 Best Score     :  34 mele
  📈 Avg (100 ep)   :  6.39 mele
  🎲 Epsilon        : 0.0814 (91.9% sfruttamento)
  💾 Memory size    : 194,550 / 200,000
  ⚡ Velocità       : 9.9 ep/sec
======================================================================


======================================================================
📊 EPISODIO 2,000 | ⏱️  00:03:40
======================================================================
  🏆 Best Score     :  34 mele
  📈 Avg (100 ep)   :  7.32 mele
  🎲 Epsilon        : 0.0813 (91.9% sfruttamento)
  💾 Memory size    : 200,000 / 200,000
  ⚡ Velocità       : 7.8 ep/sec
======================================================================


======================================================================
📊 EPISODIO 2,100 | ⏱️  00:03:54
======================================================================
  🏆 Best Score     :  34 mele
  📈 Avg (100 ep)   : 10.00 mele
  🎲 Epsilon        : 0.0812 (91.9% sfruttamento)
  💾 Memory size    : 200,000 / 200,000
  ⚡ Velocità       : 7.2 ep/sec
======================================================================


======================================================================
📊 EPISODIO 2,200 | ⏱️  00:04:05
======================================================================
  🏆 Best Score     :  34 mele
  📈 Avg (100 ep)   : 10.37 mele
  🎲 Epsilon        : 0.0811 (91.9% sfruttamento)
  💾 Memory size    : 200,000 / 200,000
  ⚡ Velocità       : 8.9 ep/sec
======================================================================


======================================================================
📊 EPISODIO 2,300 | ⏱️  00:04:16
======================================================================
  🏆 Best Score     :  34 mele
  📈 Avg (100 ep)   :  7.12 mele
  🎲 Epsilon        : 0.0810 (91.9% sfruttamento)
  💾 Memory size    : 200,000 / 200,000
  ⚡ Velocità       : 9.2 ep/sec
======================================================================


======================================================================
📊 EPISODIO 2,400 | ⏱️  00:04:26
======================================================================
  🏆 Best Score     :  34 mele
  📈 Avg (100 ep)   :  6.24 mele
  🎲 Epsilon        : 0.0809 (91.9% sfruttamento)
  💾 Memory size    : 200,000 / 200,000
  ⚡ Velocità       : 9.4 ep/sec
======================================================================


======================================================================
📊 EPISODIO 2,500 | ⏱️  00:04:37
======================================================================
  🏆 Best Score     :  34 mele
  📈 Avg (100 ep)   :  7.39 mele
  🎲 Epsilon        : 0.0808 (91.9% sfruttamento)
  💾 Memory size    : 200,000 / 200,000
  ⚡ Velocità       : 9.7 ep/sec
======================================================================


======================================================================
📊 EPISODIO 2,600 | ⏱️  00:04:48
======================================================================
  🏆 Best Score     :  34 mele
  📈 Avg (100 ep)   :  7.70 mele
  🎲 Epsilon        : 0.0807 (91.9% sfruttamento)
  💾 Memory size    : 200,000 / 200,000
  ⚡ Velocità       : 9.1 ep/sec
======================================================================


======================================================================
📊 EPISODIO 2,700 | ⏱️  00:04:58
======================================================================
  🏆 Best Score     :  34 mele
  📈 Avg (100 ep)   :  7.41 mele
  🎲 Epsilon        : 0.0806 (91.9% sfruttamento)
  💾 Memory size    : 200,000 / 200,000
  ⚡ Velocità       : 9.5 ep/sec
======================================================================


======================================================================
📊 EPISODIO 2,800 | ⏱️  00:05:09
======================================================================
  🏆 Best Score     :  34 mele
  📈 Avg (100 ep)   :  7.00 mele
  🎲 Epsilon        : 0.0805 (92.0% sfruttamento)
  💾 Memory size    : 200,000 / 200,000
  ⚡ Velocità       : 9.1 ep/sec
======================================================================


======================================================================
📊 EPISODIO 2,900 | ⏱️  00:05:22
======================================================================
  🏆 Best Score     :  34 mele
  📈 Avg (100 ep)   :  9.05 mele
  🎲 Epsilon        : 0.0803 (92.0% sfruttamento)
  💾 Memory size    : 200,000 / 200,000
  ⚡ Velocità       : 7.7 ep/sec
======================================================================


======================================================================
📊 EPISODIO 3,000 | ⏱️  00:05:30
======================================================================
  🏆 Best Score     :  34 mele
  📈 Avg (100 ep)   :  7.64 mele
  🎲 Epsilon        : 0.0802 (92.0% sfruttamento)
  💾 Memory size    : 200,000 / 200,000
  ⚡ Velocità       : 12.3 ep/sec
======================================================================


======================================================================
📊 EPISODIO 3,100 | ⏱️  00:05:42
======================================================================
  🏆 Best Score     :  34 mele
  📈 Avg (100 ep)   :  7.18 mele
  🎲 Epsilon        : 0.0801 (92.0% sfruttamento)
  💾 Memory size    : 200,000 / 200,000
  ⚡ Velocità       : 8.5 ep/sec
======================================================================


======================================================================
📊 EPISODIO 3,200 | ⏱️  00:05:51
======================================================================
  🏆 Best Score     :  34 mele
  📈 Avg (100 ep)   :  7.40 mele
  🎲 Epsilon        : 0.0800 (92.0% sfruttamento)
  💾 Memory size    : 200,000 / 200,000
  ⚡ Velocità       : 11.2 ep/sec
======================================================================


======================================================================
📊 EPISODIO 3,300 | ⏱️  00:06:04
======================================================================
  🏆 Best Score     :  34 mele
  📈 Avg (100 ep)   :  8.11 mele
  🎲 Epsilon        : 0.0799 (92.0% sfruttamento)
  💾 Memory size    : 200,000 / 200,000
  ⚡ Velocità       : 7.8 ep/sec
======================================================================


======================================================================
📊 EPISODIO 3,400 | ⏱️  00:06:13
======================================================================
  🏆 Best Score     :  34 mele
  📈 Avg (100 ep)   :  5.32 mele
  🎲 Epsilon        : 0.0798 (92.0% sfruttamento)
  💾 Memory size    : 200,000 / 200,000
  ⚡ Velocità       : 11.0 ep/sec
======================================================================


======================================================================
📊 EPISODIO 3,500 | ⏱️  00:06:23
======================================================================
  🏆 Best Score     :  34 mele
  📈 Avg (100 ep)   :  8.13 mele
  🎲 Epsilon        : 0.0798 (92.0% sfruttamento)
  💾 Memory size    : 200,000 / 200,000
  ⚡ Velocità       : 9.9 ep/sec
======================================================================


======================================================================
📊 EPISODIO 3,600 | ⏱️  00:06:32
======================================================================
  🏆 Best Score     :  34 mele
  📈 Avg (100 ep)   :  6.13 mele
  🎲 Epsilon        : 0.0796 (92.0% sfruttamento)
  💾 Memory size    : 200,000 / 200,000
  ⚡ Velocità       : 10.8 ep/sec
======================================================================


======================================================================
📊 EPISODIO 3,700 | ⏱️  00:06:44
======================================================================
  🏆 Best Score     :  34 mele
  📈 Avg (100 ep)   :  5.92 mele
  🎲 Epsilon        : 0.0796 (92.0% sfruttamento)
  💾 Memory size    : 200,000 / 200,000
  ⚡ Velocità       : 8.3 ep/sec
======================================================================


======================================================================
📊 EPISODIO 3,800 | ⏱️  00:06:56
======================================================================
  🏆 Best Score     :  34 mele
  📈 Avg (100 ep)   : 10.85 mele
  🎲 Epsilon        : 0.0795 (92.1% sfruttamento)
  💾 Memory size    : 200,000 / 200,000
  ⚡ Velocità       : 8.4 ep/sec
======================================================================


======================================================================
📊 EPISODIO 3,900 | ⏱️  00:07:06
======================================================================
  🏆 Best Score     :  34 mele
  📈 Avg (100 ep)   :  6.62 mele
  🎲 Epsilon        : 0.0793 (92.1% sfruttamento)
  💾 Memory size    : 200,000 / 200,000
  ⚡ Velocità       : 10.4 ep/sec
======================================================================


======================================================================
📊 EPISODIO 4,000 | ⏱️  00:07:16
======================================================================
  🏆 Best Score     :  34 mele
  📈 Avg (100 ep)   :  6.63 mele
  🎲 Epsilon        : 0.0793 (92.1% sfruttamento)
  💾 Memory size    : 200,000 / 200,000
  ⚡ Velocità       : 10.0 ep/sec
======================================================================


======================================================================
📊 EPISODIO 4,100 | ⏱️  00:07:31
======================================================================
  🏆 Best Score     :  34 mele
  📈 Avg (100 ep)   :  8.75 mele
  🎲 Epsilon        : 0.0791 (92.1% sfruttamento)
  💾 Memory size    : 200,000 / 200,000
  ⚡ Velocità       : 6.7 ep/sec
======================================================================


======================================================================
📊 EPISODIO 4,200 | ⏱️  00:07:40
======================================================================
  🏆 Best Score     :  34 mele
  📈 Avg (100 ep)   :  8.57 mele
  🎲 Epsilon        : 0.0790 (92.1% sfruttamento)
  💾 Memory size    : 200,000 / 200,000
  ⚡ Velocità       : 10.6 ep/sec
======================================================================


======================================================================
📊 EPISODIO 4,300 | ⏱️  00:07:51
======================================================================
  🏆 Best Score     :  34 mele
  📈 Avg (100 ep)   :  7.58 mele
  🎲 Epsilon        : 0.0789 (92.1% sfruttamento)
  💾 Memory size    : 200,000 / 200,000
  ⚡ Velocità       : 9.1 ep/sec
======================================================================


======================================================================
📊 EPISODIO 4,400 | ⏱️  00:08:01
======================================================================
  🏆 Best Score     :  34 mele
  📈 Avg (100 ep)   :  5.71 mele
  🎲 Epsilon        : 0.0789 (92.1% sfruttamento)
  💾 Memory size    : 200,000 / 200,000
  ⚡ Velocità       : 10.1 ep/sec
======================================================================


======================================================================
📊 EPISODIO 4,500 | ⏱️  00:08:07
======================================================================
  🏆 Best Score     :  34 mele
  📈 Avg (100 ep)   :  4.78 mele
  🎲 Epsilon        : 0.0788 (92.1% sfruttamento)
  💾 Memory size    : 200,000 / 200,000
  ⚡ Velocità       : 16.1 ep/sec
======================================================================


======================================================================
📊 EPISODIO 4,600 | ⏱️  00:08:20
======================================================================
  🏆 Best Score     :  34 mele
  📈 Avg (100 ep)   :  5.56 mele
  🎲 Epsilon        : 0.0787 (92.1% sfruttamento)
  💾 Memory size    : 200,000 / 200,000
  ⚡ Velocità       : 7.9 ep/sec
======================================================================


======================================================================
📊 EPISODIO 4,700 | ⏱️  00:08:32
======================================================================
  🏆 Best Score     :  34 mele
  📈 Avg (100 ep)   :  9.33 mele
  🎲 Epsilon        : 0.0786 (92.1% sfruttamento)
  💾 Memory size    : 200,000 / 200,000
  ⚡ Velocità       : 8.5 ep/sec
======================================================================


======================================================================
📊 EPISODIO 4,800 | ⏱️  00:08:43
======================================================================
  🏆 Best Score     :  34 mele
  📈 Avg (100 ep)   :  7.70 mele
  🎲 Epsilon        : 0.0785 (92.2% sfruttamento)
  💾 Memory size    : 200,000 / 200,000
  ⚡ Velocità       : 8.6 ep/sec
======================================================================


======================================================================
📊 EPISODIO 4,900 | ⏱️  00:08:54
======================================================================
  🏆 Best Score     :  34 mele
  📈 Avg (100 ep)   :  4.88 mele
  🎲 Epsilon        : 0.0784 (92.2% sfruttamento)
  💾 Memory size    : 200,000 / 200,000
  ⚡ Velocità       : 9.9 ep/sec
======================================================================

💾 Checkpoint salvato (Episodio 5,000)

======================================================================
📊 EPISODIO 5,000 | ⏱️  00:09:07
======================================================================
  🏆 Best Score     :  34 mele
  📈 Avg (100 ep)   :  7.36 mele
  🎲 Epsilon        : 0.0783 (92.2% sfruttamento)
  💾 Memory size    : 200,000 / 200,000
  ⚡ Velocità       : 7.7 ep/sec
======================================================================


======================================================================
📊 EPISODIO 5,100 | ⏱️  00:09:21
======================================================================
  🏆 Best Score     :  34 mele
  📈 Avg (100 ep)   : 10.52 mele
  🎲 Epsilon        : 0.0782 (92.2% sfruttamento)
  💾 Memory size    : 200,000 / 200,000
  ⚡ Velocità       : 7.0 ep/sec
======================================================================


======================================================================
📊 EPISODIO 5,200 | ⏱️  00:09:30
======================================================================
  🏆 Best Score     :  34 mele
  📈 Avg (100 ep)   :  7.78 mele
  🎲 Epsilon        : 0.0781 (92.2% sfruttamento)
  💾 Memory size    : 200,000 / 200,000
  ⚡ Velocità       : 11.3 ep/sec
======================================================================


======================================================================
📊 EPISODIO 5,300 | ⏱️  00:09:43
======================================================================
  🏆 Best Score     :  34 mele
  📈 Avg (100 ep)   :  8.14 mele
  🎲 Epsilon        : 0.0780 (92.2% sfruttamento)
  💾 Memory size    : 200,000 / 200,000
  ⚡ Velocità       : 7.4 ep/sec
======================================================================


======================================================================
📊 EPISODIO 5,400 | ⏱️  00:09:55
======================================================================
  🏆 Best Score     :  34 mele
  📈 Avg (100 ep)   :  8.73 mele
  🎲 Epsilon        : 0.0778 (92.2% sfruttamento)
  💾 Memory size    : 200,000 / 200,000
  ⚡ Velocità       : 8.2 ep/sec
======================================================================


======================================================================
📊 EPISODIO 5,500 | ⏱️  00:10:07
======================================================================
  🏆 Best Score     :  34 mele
  📈 Avg (100 ep)   :  8.20 mele
  🎲 Epsilon        : 0.0777 (92.2% sfruttamento)
  💾 Memory size    : 200,000 / 200,000
  ⚡ Velocità       : 8.7 ep/sec
======================================================================


======================================================================
📊 EPISODIO 5,600 | ⏱️  00:10:17
======================================================================
  🏆 Best Score     :  34 mele
  📈 Avg (100 ep)   :  7.65 mele
  🎲 Epsilon        : 0.0776 (92.2% sfruttamento)
  💾 Memory size    : 200,000 / 200,000
  ⚡ Velocità       : 9.9 ep/sec
======================================================================


======================================================================
📊 EPISODIO 5,700 | ⏱️  00:10:29
======================================================================
  🏆 Best Score     :  34 mele
  📈 Avg (100 ep)   :  7.39 mele
  🎲 Epsilon        : 0.0775 (92.2% sfruttamento)
  💾 Memory size    : 200,000 / 200,000
  ⚡ Velocità       : 8.1 ep/sec
======================================================================


======================================================================
📊 EPISODIO 5,800 | ⏱️  00:10:37
======================================================================
  🏆 Best Score     :  34 mele
  📈 Avg (100 ep)   :  5.84 mele
  🎲 Epsilon        : 0.0774 (92.3% sfruttamento)
  💾 Memory size    : 200,000 / 200,000
  ⚡ Velocità       : 13.0 ep/sec
======================================================================


======================================================================
📊 EPISODIO 5,900 | ⏱️  00:10:50
======================================================================
  🏆 Best Score     :  34 mele
  📈 Avg (100 ep)   :  7.00 mele
  🎲 Epsilon        : 0.0773 (92.3% sfruttamento)
  💾 Memory size    : 200,000 / 200,000
  ⚡ Velocità       : 7.9 ep/sec
======================================================================


======================================================================
📊 EPISODIO 6,000 | ⏱️  00:11:01
======================================================================
  🏆 Best Score     :  34 mele
  📈 Avg (100 ep)   :  6.62 mele
  🎲 Epsilon        : 0.0773 (92.3% sfruttamento)
  💾 Memory size    : 200,000 / 200,000
  ⚡ Velocità       : 9.2 ep/sec
======================================================================


======================================================================
📊 EPISODIO 6,100 | ⏱️  00:11:10
======================================================================
  🏆 Best Score     :  34 mele
  📈 Avg (100 ep)   :  6.36 mele
  🎲 Epsilon        : 0.0771 (92.3% sfruttamento)
  💾 Memory size    : 200,000 / 200,000
  ⚡ Velocità       : 10.2 ep/sec
======================================================================


======================================================================
📊 EPISODIO 6,200 | ⏱️  00:11:22
======================================================================
  🏆 Best Score     :  34 mele
  📈 Avg (100 ep)   :  7.74 mele
  🎲 Epsilon        : 0.0771 (92.3% sfruttamento)
  💾 Memory size    : 200,000 / 200,000
  ⚡ Velocità       : 8.7 ep/sec
======================================================================


======================================================================
📊 EPISODIO 6,300 | ⏱️  00:11:34
======================================================================
  🏆 Best Score     :  34 mele
  📈 Avg (100 ep)   :  7.63 mele
  🎲 Epsilon        : 0.0769 (92.3% sfruttamento)
  💾 Memory size    : 200,000 / 200,000
  ⚡ Velocità       : 8.0 ep/sec
======================================================================


======================================================================
📊 EPISODIO 6,400 | ⏱️  00:11:47
======================================================================
  🏆 Best Score     :  34 mele
  📈 Avg (100 ep)   : 10.64 mele
  🎲 Epsilon        : 0.0768 (92.3% sfruttamento)
  💾 Memory size    : 200,000 / 200,000
  ⚡ Velocità       : 7.7 ep/sec
======================================================================


======================================================================
📊 EPISODIO 6,500 | ⏱️  00:11:57
======================================================================
  🏆 Best Score     :  34 mele
  📈 Avg (100 ep)   :  6.69 mele
  🎲 Epsilon        : 0.0767 (92.3% sfruttamento)
  💾 Memory size    : 200,000 / 200,000
  ⚡ Velocità       : 10.5 ep/sec
======================================================================


======================================================================
📊 EPISODIO 6,600 | ⏱️  00:12:11
======================================================================
  🏆 Best Score     :  34 mele
  📈 Avg (100 ep)   :  7.92 mele
  🎲 Epsilon        : 0.0766 (92.3% sfruttamento)
  💾 Memory size    : 200,000 / 200,000
  ⚡ Velocità       : 7.3 ep/sec
======================================================================


======================================================================
📊 EPISODIO 6,700 | ⏱️  00:12:23
======================================================================
  🏆 Best Score     :  34 mele
  📈 Avg (100 ep)   :  8.99 mele
  🎲 Epsilon        : 0.0765 (92.4% sfruttamento)
  💾 Memory size    : 200,000 / 200,000
  ⚡ Velocità       : 8.2 ep/sec
======================================================================


======================================================================
📊 EPISODIO 6,800 | ⏱️  00:12:34
======================================================================
  🏆 Best Score     :  34 mele
  📈 Avg (100 ep)   :  7.78 mele
  🎲 Epsilon        : 0.0764 (92.4% sfruttamento)
  💾 Memory size    : 200,000 / 200,000
  ⚡ Velocità       : 8.9 ep/sec
======================================================================


======================================================================
📊 EPISODIO 6,900 | ⏱️  00:12:42
======================================================================
  🏆 Best Score     :  34 mele
  📈 Avg (100 ep)   :  5.65 mele
  🎲 Epsilon        : 0.0763 (92.4% sfruttamento)
  💾 Memory size    : 200,000 / 200,000
  ⚡ Velocità       : 13.1 ep/sec
======================================================================


======================================================================
📊 EPISODIO 7,000 | ⏱️  00:12:51
======================================================================
  🏆 Best Score     :  34 mele
  📈 Avg (100 ep)   :  4.51 mele
  🎲 Epsilon        : 0.0763 (92.4% sfruttamento)
  💾 Memory size    : 200,000 / 200,000
  ⚡ Velocità       : 10.6 ep/sec
======================================================================


======================================================================
📊 EPISODIO 7,100 | ⏱️  00:13:00
======================================================================
  🏆 Best Score     :  34 mele
  📈 Avg (100 ep)   :  5.44 mele
  🎲 Epsilon        : 0.0761 (92.4% sfruttamento)
  💾 Memory size    : 200,000 / 200,000
  ⚡ Velocità       : 10.9 ep/sec
======================================================================


======================================================================
📊 EPISODIO 7,200 | ⏱️  00:13:12
======================================================================
  🏆 Best Score     :  34 mele
  📈 Avg (100 ep)   :  6.32 mele
  🎲 Epsilon        : 0.0761 (92.4% sfruttamento)
  💾 Memory size    : 200,000 / 200,000
  ⚡ Velocità       : 8.8 ep/sec
======================================================================


======================================================================
📊 EPISODIO 7,300 | ⏱️  00:13:24
======================================================================
  🏆 Best Score     :  34 mele
  📈 Avg (100 ep)   :  9.40 mele
  🎲 Epsilon        : 0.0760 (92.4% sfruttamento)
  💾 Memory size    : 200,000 / 200,000
  ⚡ Velocità       : 8.3 ep/sec
======================================================================


======================================================================
📊 EPISODIO 7,400 | ⏱️  00:13:34
======================================================================
  🏆 Best Score     :  34 mele
  📈 Avg (100 ep)   :  5.74 mele
  🎲 Epsilon        : 0.0759 (92.4% sfruttamento)
  💾 Memory size    : 200,000 / 200,000
  ⚡ Velocità       : 9.8 ep/sec
======================================================================


======================================================================
📊 EPISODIO 7,500 | ⏱️  00:13:44
======================================================================
  🏆 Best Score     :  34 mele
  📈 Avg (100 ep)   :  6.56 mele
  🎲 Epsilon        : 0.0758 (92.4% sfruttamento)
  💾 Memory size    : 200,000 / 200,000
  ⚡ Velocità       : 10.4 ep/sec
======================================================================


======================================================================
📊 EPISODIO 7,600 | ⏱️  00:13:55
======================================================================
  🏆 Best Score     :  34 mele
  📈 Avg (100 ep)   :  5.84 mele
  🎲 Epsilon        : 0.0757 (92.4% sfruttamento)
  💾 Memory size    : 200,000 / 200,000
  ⚡ Velocità       : 9.0 ep/sec
======================================================================


======================================================================
📊 EPISODIO 7,700 | ⏱️  00:14:12
======================================================================
  🏆 Best Score     :  34 mele
  📈 Avg (100 ep)   :  9.61 mele
  🎲 Epsilon        : 0.0756 (92.4% sfruttamento)
  💾 Memory size    : 200,000 / 200,000
  ⚡ Velocità       : 5.9 ep/sec
======================================================================


======================================================================
📊 EPISODIO 7,800 | ⏱️  00:14:25
======================================================================
  🏆 Best Score     :  34 mele
  📈 Avg (100 ep)   :  8.34 mele
  🎲 Epsilon        : 0.0755 (92.5% sfruttamento)
  💾 Memory size    : 200,000 / 200,000
  ⚡ Velocità       : 7.7 ep/sec
======================================================================


======================================================================
📊 EPISODIO 7,900 | ⏱️  00:14:38
======================================================================
  🏆 Best Score     :  34 mele
  📈 Avg (100 ep)   :  8.95 mele
  🎲 Epsilon        : 0.0753 (92.5% sfruttamento)
  💾 Memory size    : 200,000 / 200,000
  ⚡ Velocità       : 7.3 ep/sec
======================================================================


======================================================================
📊 EPISODIO 8,000 | ⏱️  00:14:49
======================================================================
  🏆 Best Score     :  34 mele
  📈 Avg (100 ep)   :  8.33 mele
  🎲 Epsilon        : 0.0752 (92.5% sfruttamento)
  💾 Memory size    : 200,000 / 200,000
  ⚡ Velocità       : 9.1 ep/sec
======================================================================


======================================================================
📊 EPISODIO 8,100 | ⏱️  00:15:03
======================================================================
  🏆 Best Score     :  34 mele
  📈 Avg (100 ep)   :  7.62 mele
  🎲 Epsilon        : 0.0751 (92.5% sfruttamento)
  💾 Memory size    : 200,000 / 200,000
  ⚡ Velocità       : 7.4 ep/sec
======================================================================


======================================================================
📊 EPISODIO 8,200 | ⏱️  00:15:12
======================================================================
  🏆 Best Score     :  34 mele
  📈 Avg (100 ep)   :  6.92 mele
  🎲 Epsilon        : 0.0750 (92.5% sfruttamento)
  💾 Memory size    : 200,000 / 200,000
  ⚡ Velocità       : 10.4 ep/sec
======================================================================


======================================================================
📊 EPISODIO 8,300 | ⏱️  00:15:25
======================================================================
  🏆 Best Score     :  34 mele
  📈 Avg (100 ep)   :  7.53 mele
  🎲 Epsilon        : 0.0750 (92.5% sfruttamento)
  💾 Memory size    : 200,000 / 200,000
  ⚡ Velocità       : 7.9 ep/sec
======================================================================


======================================================================
📊 EPISODIO 8,400 | ⏱️  00:15:38
======================================================================
  🏆 Best Score     :  34 mele
  📈 Avg (100 ep)   :  6.71 mele
  🎲 Epsilon        : 0.0749 (92.5% sfruttamento)
  💾 Memory size    : 200,000 / 200,000
  ⚡ Velocità       : 8.0 ep/sec
======================================================================


======================================================================
📊 EPISODIO 8,500 | ⏱️  00:15:50
======================================================================
  🏆 Best Score     :  34 mele
  📈 Avg (100 ep)   :  9.49 mele
  🎲 Epsilon        : 0.0747 (92.5% sfruttamento)
  💾 Memory size    : 200,000 / 200,000
  ⚡ Velocità       : 7.7 ep/sec
======================================================================


======================================================================
📊 EPISODIO 8,600 | ⏱️  00:16:01
======================================================================
  🏆 Best Score     :  34 mele
  📈 Avg (100 ep)   :  9.17 mele
  🎲 Epsilon        : 0.0747 (92.5% sfruttamento)
  💾 Memory size    : 200,000 / 200,000
  ⚡ Velocità       : 9.7 ep/sec
======================================================================


======================================================================
📊 EPISODIO 8,700 | ⏱️  00:16:14
======================================================================
  🏆 Best Score     :  34 mele
  📈 Avg (100 ep)   :  6.88 mele
  🎲 Epsilon        : 0.0746 (92.5% sfruttamento)
  💾 Memory size    : 200,000 / 200,000
  ⚡ Velocità       : 7.4 ep/sec
======================================================================


======================================================================
📊 EPISODIO 8,800 | ⏱️  00:16:32
======================================================================
  🏆 Best Score     :  34 mele
  📈 Avg (100 ep)   : 10.82 mele
  🎲 Epsilon        : 0.0744 (92.6% sfruttamento)
  💾 Memory size    : 200,000 / 200,000
  ⚡ Velocità       : 5.7 ep/sec
======================================================================


======================================================================
📊 EPISODIO 8,900 | ⏱️  00:16:46
======================================================================
  🏆 Best Score     :  34 mele
  📈 Avg (100 ep)   : 10.60 mele
  🎲 Epsilon        : 0.0743 (92.6% sfruttamento)
  💾 Memory size    : 200,000 / 200,000
  ⚡ Velocità       : 7.2 ep/sec
======================================================================


======================================================================
📊 EPISODIO 9,000 | ⏱️  00:17:00
======================================================================
  🏆 Best Score     :  34 mele
  📈 Avg (100 ep)   : 10.53 mele
  🎲 Epsilon        : 0.0742 (92.6% sfruttamento)
  💾 Memory size    : 200,000 / 200,000
  ⚡ Velocità       : 6.8 ep/sec
======================================================================


======================================================================
📊 EPISODIO 9,100 | ⏱️  00:17:10
======================================================================
  🏆 Best Score     :  34 mele
  📈 Avg (100 ep)   :  6.04 mele
  🎲 Epsilon        : 0.0741 (92.6% sfruttamento)
  💾 Memory size    : 200,000 / 200,000
  ⚡ Velocità       : 10.3 ep/sec
======================================================================


======================================================================
📊 EPISODIO 9,200 | ⏱️  00:17:23
======================================================================
  🏆 Best Score     :  34 mele
  📈 Avg (100 ep)   :  7.64 mele
  🎲 Epsilon        : 0.0740 (92.6% sfruttamento)
  💾 Memory size    : 200,000 / 200,000
  ⚡ Velocità       : 8.1 ep/sec
======================================================================


======================================================================
📊 EPISODIO 9,300 | ⏱️  00:17:32
======================================================================
  🏆 Best Score     :  34 mele
  📈 Avg (100 ep)   :  7.14 mele
  🎲 Epsilon        : 0.0739 (92.6% sfruttamento)
  💾 Memory size    : 200,000 / 200,000
  ⚡ Velocità       : 10.3 ep/sec
======================================================================


======================================================================
📊 EPISODIO 9,400 | ⏱️  00:17:43
======================================================================
  🏆 Best Score     :  34 mele
  📈 Avg (100 ep)   :  5.31 mele
  🎲 Epsilon        : 0.0738 (92.6% sfruttamento)
  💾 Memory size    : 200,000 / 200,000
  ⚡ Velocità       : 9.2 ep/sec
======================================================================


======================================================================
📊 EPISODIO 9,500 | ⏱️  00:17:58
======================================================================
  🏆 Best Score     :  34 mele
  📈 Avg (100 ep)   :  8.78 mele
  🎲 Epsilon        : 0.0737 (92.6% sfruttamento)
  💾 Memory size    : 200,000 / 200,000
  ⚡ Velocità       : 6.8 ep/sec
======================================================================


======================================================================
📊 EPISODIO 9,600 | ⏱️  00:18:09
======================================================================
  🏆 Best Score     :  34 mele
  📈 Avg (100 ep)   :  7.96 mele
  🎲 Epsilon        : 0.0736 (92.6% sfruttamento)
  💾 Memory size    : 200,000 / 200,000
  ⚡ Velocità       : 9.0 ep/sec
======================================================================


======================================================================
📊 EPISODIO 9,700 | ⏱️  00:18:23
======================================================================
  🏆 Best Score     :  34 mele
  📈 Avg (100 ep)   :  7.72 mele
  🎲 Epsilon        : 0.0735 (92.7% sfruttamento)
  💾 Memory size    : 200,000 / 200,000
  ⚡ Velocità       : 7.1 ep/sec
======================================================================


======================================================================
📊 EPISODIO 9,800 | ⏱️  00:18:32
======================================================================
  🏆 Best Score     :  34 mele
  📈 Avg (100 ep)   :  7.51 mele
  🎲 Epsilon        : 0.0734 (92.7% sfruttamento)
  💾 Memory size    : 200,000 / 200,000
  ⚡ Velocità       : 10.6 ep/sec
======================================================================


======================================================================
📊 EPISODIO 9,900 | ⏱️  00:18:47
======================================================================
  🏆 Best Score     :  34 mele
  📈 Avg (100 ep)   :  8.81 mele
  🎲 Epsilon        : 0.0733 (92.7% sfruttamento)
  💾 Memory size    : 200,000 / 200,000
  ⚡ Velocità       : 6.7 ep/sec
======================================================================

💾 Checkpoint salvato (Episodio 10,000)

======================================================================
📊 EPISODIO 10,000 | ⏱️  00:19:03
======================================================================
  🏆 Best Score     :  34 mele
  📈 Avg (100 ep)   :  9.49 mele
  🎲 Epsilon        : 0.0732 (92.7% sfruttamento)
  💾 Memory size    : 200,000 / 200,000
  ⚡ Velocità       : 6.5 ep/sec
======================================================================


======================================================================
📊 EPISODIO 10,100 | ⏱️  00:19:17
======================================================================
  🏆 Best Score     :  34 mele
  📈 Avg (100 ep)   :  9.49 mele
  🎲 Epsilon        : 0.0731 (92.7% sfruttamento)
  💾 Memory size    : 200,000 / 200,000
  ⚡ Velocità       : 7.0 ep/sec
======================================================================


======================================================================
📊 EPISODIO 10,200 | ⏱️  00:19:31
======================================================================
  🏆 Best Score     :  34 mele
  📈 Avg (100 ep)   : 10.24 mele
  🎲 Epsilon        : 0.0730 (92.7% sfruttamento)
  💾 Memory size    : 200,000 / 200,000
  ⚡ Velocità       : 7.1 ep/sec
======================================================================


======================================================================
📊 EPISODIO 10,300 | ⏱️  00:19:42
======================================================================
  🏆 Best Score     :  34 mele
  📈 Avg (100 ep)   :  6.97 mele
  🎲 Epsilon        : 0.0729 (92.7% sfruttamento)
  💾 Memory size    : 200,000 / 200,000
  ⚡ Velocità       : 9.1 ep/sec
======================================================================


======================================================================
📊 EPISODIO 10,400 | ⏱️  00:19:55
======================================================================
  🏆 Best Score     :  34 mele
  📈 Avg (100 ep)   :  9.47 mele
  🎲 Epsilon        : 0.0728 (92.7% sfruttamento)
  💾 Memory size    : 200,000 / 200,000
  ⚡ Velocità       : 7.7 ep/sec
======================================================================


======================================================================
📊 EPISODIO 10,500 | ⏱️  00:20:09
======================================================================
  🏆 Best Score     :  34 mele
  📈 Avg (100 ep)   :  8.52 mele
  🎲 Epsilon        : 0.0727 (92.7% sfruttamento)
  💾 Memory size    : 200,000 / 200,000
  ⚡ Velocità       : 7.1 ep/sec
======================================================================


======================================================================
📊 EPISODIO 10,600 | ⏱️  00:20:18
======================================================================
  🏆 Best Score     :  34 mele
  📈 Avg (100 ep)   :  6.85 mele
  🎲 Epsilon        : 0.0726 (92.7% sfruttamento)
  💾 Memory size    : 200,000 / 200,000
  ⚡ Velocità       : 10.7 ep/sec
======================================================================


======================================================================
📊 EPISODIO 10,700 | ⏱️  00:20:32
======================================================================
  🏆 Best Score     :  34 mele
  📈 Avg (100 ep)   :  8.48 mele
  🎲 Epsilon        : 0.0725 (92.8% sfruttamento)
  💾 Memory size    : 200,000 / 200,000
  ⚡ Velocità       : 7.2 ep/sec
======================================================================


======================================================================
📊 EPISODIO 10,800 | ⏱️  00:20:44
======================================================================
  🏆 Best Score     :  34 mele
  📈 Avg (100 ep)   :  7.98 mele
  🎲 Epsilon        : 0.0724 (92.8% sfruttamento)
  💾 Memory size    : 200,000 / 200,000
  ⚡ Velocità       : 8.6 ep/sec
======================================================================


======================================================================
📊 EPISODIO 10,900 | ⏱️  00:20:58
======================================================================
  🏆 Best Score     :  34 mele
  📈 Avg (100 ep)   :  9.53 mele
  🎲 Epsilon        : 0.0723 (92.8% sfruttamento)
  💾 Memory size    : 200,000 / 200,000
  ⚡ Velocità       : 6.9 ep/sec
======================================================================


======================================================================
📊 EPISODIO 11,000 | ⏱️  00:21:10
======================================================================
  🏆 Best Score     :  34 mele
  📈 Avg (100 ep)   :  7.95 mele
  🎲 Epsilon        : 0.0722 (92.8% sfruttamento)
  💾 Memory size    : 200,000 / 200,000
  ⚡ Velocità       : 8.7 ep/sec
======================================================================


======================================================================
📊 EPISODIO 11,100 | ⏱️  00:21:20
======================================================================
  🏆 Best Score     :  34 mele
  📈 Avg (100 ep)   :  7.06 mele
  🎲 Epsilon        : 0.0721 (92.8% sfruttamento)
  💾 Memory size    : 200,000 / 200,000
  ⚡ Velocità       : 9.7 ep/sec
======================================================================


======================================================================
📊 EPISODIO 11,200 | ⏱️  00:21:32
======================================================================
  🏆 Best Score     :  34 mele
  📈 Avg (100 ep)   :  4.61 mele
  🎲 Epsilon        : 0.0720 (92.8% sfruttamento)
  💾 Memory size    : 200,000 / 200,000
  ⚡ Velocità       : 8.1 ep/sec
======================================================================


======================================================================
📊 EPISODIO 11,300 | ⏱️  00:21:49
======================================================================
  🏆 Best Score     :  34 mele
  📈 Avg (100 ep)   : 13.45 mele
  🎲 Epsilon        : 0.0719 (92.8% sfruttamento)
  💾 Memory size    : 200,000 / 200,000
  ⚡ Velocità       : 5.9 ep/sec
======================================================================


======================================================================
📊 EPISODIO 11,400 | ⏱️  00:22:04
======================================================================
  🏆 Best Score     :  34 mele
  📈 Avg (100 ep)   :  8.63 mele
  🎲 Epsilon        : 0.0717 (92.8% sfruttamento)
  💾 Memory size    : 200,000 / 200,000
  ⚡ Velocità       : 6.9 ep/sec
======================================================================


======================================================================
📊 EPISODIO 11,500 | ⏱️  00:22:17
======================================================================
  🏆 Best Score     :  34 mele
  📈 Avg (100 ep)   :  9.03 mele
  🎲 Epsilon        : 0.0716 (92.8% sfruttamento)
  💾 Memory size    : 200,000 / 200,000
  ⚡ Velocità       : 7.5 ep/sec
======================================================================


======================================================================
📊 EPISODIO 11,600 | ⏱️  00:22:27
======================================================================
  🏆 Best Score     :  34 mele
  📈 Avg (100 ep)   :  8.42 mele
  🎲 Epsilon        : 0.0716 (92.8% sfruttamento)
  💾 Memory size    : 200,000 / 200,000
  ⚡ Velocità       : 9.9 ep/sec
======================================================================


======================================================================
📊 EPISODIO 11,700 | ⏱️  00:22:39
======================================================================
  🏆 Best Score     :  34 mele
  📈 Avg (100 ep)   :  5.91 mele
  🎲 Epsilon        : 0.0715 (92.9% sfruttamento)
  💾 Memory size    : 200,000 / 200,000
  ⚡ Velocità       : 8.7 ep/sec
======================================================================


======================================================================
📊 EPISODIO 11,800 | ⏱️  00:22:49
======================================================================
  🏆 Best Score     :  34 mele
  📈 Avg (100 ep)   :  7.44 mele
  🎲 Epsilon        : 0.0714 (92.9% sfruttamento)
  💾 Memory size    : 200,000 / 200,000
  ⚡ Velocità       : 9.9 ep/sec
======================================================================


======================================================================
📊 EPISODIO 11,900 | ⏱️  00:23:02
======================================================================
  🏆 Best Score     :  34 mele
  📈 Avg (100 ep)   :  8.40 mele
  🎲 Epsilon        : 0.0713 (92.9% sfruttamento)
  💾 Memory size    : 200,000 / 200,000
  ⚡ Velocità       : 7.8 ep/sec
======================================================================


======================================================================
📊 EPISODIO 12,000 | ⏱️  00:23:16
======================================================================
  🏆 Best Score     :  34 mele
  📈 Avg (100 ep)   :  9.95 mele
  🎲 Epsilon        : 0.0712 (92.9% sfruttamento)
  💾 Memory size    : 200,000 / 200,000
  ⚡ Velocità       : 7.2 ep/sec
======================================================================


======================================================================
📊 EPISODIO 12,100 | ⏱️  00:23:32
======================================================================
  🏆 Best Score     :  34 mele
  📈 Avg (100 ep)   :  9.66 mele
  🎲 Epsilon        : 0.0711 (92.9% sfruttamento)
  💾 Memory size    : 200,000 / 200,000
  ⚡ Velocità       : 6.0 ep/sec
======================================================================


======================================================================
📊 EPISODIO 12,200 | ⏱️  00:23:41
======================================================================
  🏆 Best Score     :  34 mele
  📈 Avg (100 ep)   :  8.57 mele
  🎲 Epsilon        : 0.0710 (92.9% sfruttamento)
  💾 Memory size    : 200,000 / 200,000
  ⚡ Velocità       : 11.1 ep/sec
======================================================================


======================================================================
📊 EPISODIO 12,300 | ⏱️  00:23:58
======================================================================
  🏆 Best Score     :  34 mele
  📈 Avg (100 ep)   :  8.46 mele
  🎲 Epsilon        : 0.0709 (92.9% sfruttamento)
  💾 Memory size    : 200,000 / 200,000
  ⚡ Velocità       : 6.0 ep/sec
======================================================================


======================================================================
📊 EPISODIO 12,400 | ⏱️  00:24:12
======================================================================
  🏆 Best Score     :  34 mele
  📈 Avg (100 ep)   : 10.27 mele
  🎲 Epsilon        : 0.0707 (92.9% sfruttamento)
  💾 Memory size    : 200,000 / 200,000
  ⚡ Velocità       : 7.1 ep/sec
======================================================================


======================================================================
📊 EPISODIO 12,500 | ⏱️  00:24:27
======================================================================
  🏆 Best Score     :  34 mele
  📈 Avg (100 ep)   :  8.66 mele
  🎲 Epsilon        : 0.0706 (92.9% sfruttamento)
  💾 Memory size    : 200,000 / 200,000
  ⚡ Velocità       : 6.8 ep/sec
======================================================================


======================================================================
📊 EPISODIO 12,600 | ⏱️  00:24:41
======================================================================
  🏆 Best Score     :  34 mele
  📈 Avg (100 ep)   : 11.29 mele
  🎲 Epsilon        : 0.0705 (92.9% sfruttamento)
  💾 Memory size    : 200,000 / 200,000
  ⚡ Velocità       : 7.1 ep/sec
======================================================================


======================================================================
📊 EPISODIO 12,700 | ⏱️  00:24:52
======================================================================
  🏆 Best Score     :  34 mele
  📈 Avg (100 ep)   :  7.35 mele
  🎲 Epsilon        : 0.0705 (93.0% sfruttamento)
  💾 Memory size    : 200,000 / 200,000
  ⚡ Velocità       : 9.5 ep/sec
======================================================================


======================================================================
📊 EPISODIO 12,800 | ⏱️  00:25:03
======================================================================
  🏆 Best Score     :  34 mele
  📈 Avg (100 ep)   :  6.40 mele
  🎲 Epsilon        : 0.0704 (93.0% sfruttamento)
  💾 Memory size    : 200,000 / 200,000
  ⚡ Velocità       : 9.0 ep/sec
======================================================================


======================================================================
📊 EPISODIO 12,900 | ⏱️  00:25:21
======================================================================
  🏆 Best Score     :  34 mele
  📈 Avg (100 ep)   : 10.55 mele
  🎲 Epsilon        : 0.0702 (93.0% sfruttamento)
  💾 Memory size    : 200,000 / 200,000
  ⚡ Velocità       : 5.4 ep/sec
======================================================================


======================================================================
📊 EPISODIO 13,000 | ⏱️  00:25:33
======================================================================
  🏆 Best Score     :  34 mele
  📈 Avg (100 ep)   : 10.96 mele
  🎲 Epsilon        : 0.0701 (93.0% sfruttamento)
  💾 Memory size    : 200,000 / 200,000
  ⚡ Velocità       : 8.9 ep/sec
======================================================================


======================================================================
📊 EPISODIO 13,100 | ⏱️  00:25:47
======================================================================
  🏆 Best Score     :  34 mele
  📈 Avg (100 ep)   :  8.64 mele
  🎲 Epsilon        : 0.0700 (93.0% sfruttamento)
  💾 Memory size    : 200,000 / 200,000
  ⚡ Velocità       : 6.8 ep/sec
======================================================================


======================================================================
📊 EPISODIO 13,200 | ⏱️  00:26:01
======================================================================
  🏆 Best Score     :  34 mele
  📈 Avg (100 ep)   :  8.87 mele
  🎲 Epsilon        : 0.0699 (93.0% sfruttamento)
  💾 Memory size    : 200,000 / 200,000
  ⚡ Velocità       : 7.3 ep/sec
======================================================================


======================================================================
📊 EPISODIO 13,300 | ⏱️  00:26:14
======================================================================
  🏆 Best Score     :  34 mele
  📈 Avg (100 ep)   :  8.70 mele
  🎲 Epsilon        : 0.0698 (93.0% sfruttamento)
  💾 Memory size    : 200,000 / 200,000
  ⚡ Velocità       : 7.4 ep/sec
======================================================================


======================================================================
📊 EPISODIO 13,400 | ⏱️  00:26:27
======================================================================
  🏆 Best Score     :  34 mele
  📈 Avg (100 ep)   :  9.71 mele
  🎲 Epsilon        : 0.0697 (93.0% sfruttamento)
  💾 Memory size    : 200,000 / 200,000
  ⚡ Velocità       : 8.1 ep/sec
======================================================================


======================================================================
📊 EPISODIO 13,500 | ⏱️  00:26:39
======================================================================
  🏆 Best Score     :  34 mele
  📈 Avg (100 ep)   :  6.74 mele
  🎲 Epsilon        : 0.0696 (93.0% sfruttamento)
  💾 Memory size    : 200,000 / 200,000
  ⚡ Velocità       : 8.0 ep/sec
======================================================================


======================================================================
📊 EPISODIO 13,600 | ⏱️  00:26:49
======================================================================
  🏆 Best Score     :  34 mele
  📈 Avg (100 ep)   :  6.89 mele
  🎲 Epsilon        : 0.0696 (93.0% sfruttamento)
  💾 Memory size    : 200,000 / 200,000
  ⚡ Velocità       : 10.0 ep/sec
======================================================================


======================================================================
📊 EPISODIO 13,700 | ⏱️  00:27:05
======================================================================
  🏆 Best Score     :  34 mele
  📈 Avg (100 ep)   : 10.09 mele
  🎲 Epsilon        : 0.0694 (93.1% sfruttamento)
  💾 Memory size    : 200,000 / 200,000
  ⚡ Velocità       : 6.2 ep/sec
======================================================================


======================================================================
📊 EPISODIO 13,800 | ⏱️  00:27:18
======================================================================
  🏆 Best Score     :  34 mele
  📈 Avg (100 ep)   :  7.86 mele
  🎲 Epsilon        : 0.0693 (93.1% sfruttamento)
  💾 Memory size    : 200,000 / 200,000
  ⚡ Velocità       : 8.0 ep/sec
======================================================================


======================================================================
📊 EPISODIO 13,900 | ⏱️  00:27:30
======================================================================
  🏆 Best Score     :  34 mele
  📈 Avg (100 ep)   :  8.80 mele
  🎲 Epsilon        : 0.0692 (93.1% sfruttamento)
  💾 Memory size    : 200,000 / 200,000
  ⚡ Velocità       : 8.1 ep/sec
======================================================================


======================================================================
📊 EPISODIO 14,000 | ⏱️  00:27:39
======================================================================
  🏆 Best Score     :  34 mele
  📈 Avg (100 ep)   :  5.71 mele
  🎲 Epsilon        : 0.0692 (93.1% sfruttamento)
  💾 Memory size    : 200,000 / 200,000
  ⚡ Velocità       : 11.2 ep/sec
======================================================================


======================================================================
📊 EPISODIO 14,100 | ⏱️  00:27:54
======================================================================
  🏆 Best Score     :  34 mele
  📈 Avg (100 ep)   :  9.12 mele
  🎲 Epsilon        : 0.0690 (93.1% sfruttamento)
  💾 Memory size    : 200,000 / 200,000
  ⚡ Velocità       : 6.9 ep/sec
======================================================================


======================================================================
📊 EPISODIO 14,200 | ⏱️  00:28:07
======================================================================
  🏆 Best Score     :  34 mele
  📈 Avg (100 ep)   :  8.14 mele
  🎲 Epsilon        : 0.0689 (93.1% sfruttamento)
  💾 Memory size    : 200,000 / 200,000
  ⚡ Velocità       : 7.2 ep/sec
======================================================================


======================================================================
📊 EPISODIO 14,300 | ⏱️  00:28:22
======================================================================
  🏆 Best Score     :  34 mele
  📈 Avg (100 ep)   : 10.17 mele
  🎲 Epsilon        : 0.0688 (93.1% sfruttamento)
  💾 Memory size    : 200,000 / 200,000
  ⚡ Velocità       : 6.9 ep/sec
======================================================================


======================================================================
📊 EPISODIO 14,400 | ⏱️  00:28:34
======================================================================
  🏆 Best Score     :  34 mele
  📈 Avg (100 ep)   :  7.95 mele
  🎲 Epsilon        : 0.0688 (93.1% sfruttamento)
  💾 Memory size    : 200,000 / 200,000
  ⚡ Velocità       : 8.4 ep/sec
======================================================================


======================================================================
📊 EPISODIO 14,500 | ⏱️  00:28:45
======================================================================
  🏆 Best Score     :  34 mele
  📈 Avg (100 ep)   :  6.78 mele
  🎲 Epsilon        : 0.0687 (93.1% sfruttamento)
  💾 Memory size    : 200,000 / 200,000
  ⚡ Velocità       : 9.0 ep/sec
======================================================================


======================================================================
📊 EPISODIO 14,600 | ⏱️  00:28:59
======================================================================
  🏆 Best Score     :  34 mele
  📈 Avg (100 ep)   :  7.98 mele
  🎲 Epsilon        : 0.0686 (93.1% sfruttamento)
  💾 Memory size    : 200,000 / 200,000
  ⚡ Velocità       : 6.8 ep/sec
======================================================================


======================================================================
📊 EPISODIO 14,700 | ⏱️  00:29:11
======================================================================
  🏆 Best Score     :  34 mele
  📈 Avg (100 ep)   :  9.93 mele
  🎲 Epsilon        : 0.0685 (93.2% sfruttamento)
  💾 Memory size    : 200,000 / 200,000
  ⚡ Velocità       : 8.4 ep/sec
======================================================================


======================================================================
📊 EPISODIO 14,800 | ⏱️  00:29:26
======================================================================
  🏆 Best Score     :  34 mele
  📈 Avg (100 ep)   :  9.34 mele
  🎲 Epsilon        : 0.0683 (93.2% sfruttamento)
  💾 Memory size    : 200,000 / 200,000
  ⚡ Velocità       : 6.8 ep/sec
======================================================================


======================================================================
📊 EPISODIO 14,900 | ⏱️  00:29:40
======================================================================
  🏆 Best Score     :  34 mele
  📈 Avg (100 ep)   : 10.39 mele
  🎲 Epsilon        : 0.0682 (93.2% sfruttamento)
  💾 Memory size    : 200,000 / 200,000
  ⚡ Velocità       : 7.1 ep/sec
======================================================================

💾 Checkpoint salvato (Episodio 15,000)

======================================================================
📊 EPISODIO 15,000 | ⏱️  00:29:52
======================================================================
  🏆 Best Score     :  34 mele
  📈 Avg (100 ep)   :  8.78 mele
  🎲 Epsilon        : 0.0681 (93.2% sfruttamento)
  💾 Memory size    : 200,000 / 200,000
  ⚡ Velocità       : 8.7 ep/sec
======================================================================


======================================================================
📊 EPISODIO 15,100 | ⏱️  00:30:02
======================================================================
  🏆 Best Score     :  34 mele
  📈 Avg (100 ep)   :  5.76 mele
  🎲 Epsilon        : 0.0681 (93.2% sfruttamento)
  💾 Memory size    : 200,000 / 200,000
  ⚡ Velocità       : 9.8 ep/sec
======================================================================


======================================================================
📊 EPISODIO 15,200 | ⏱️  00:30:17
======================================================================
  🏆 Best Score     :  34 mele
  📈 Avg (100 ep)   : 10.33 mele
  🎲 Epsilon        : 0.0680 (93.2% sfruttamento)
  💾 Memory size    : 200,000 / 200,000
  ⚡ Velocità       : 6.5 ep/sec
======================================================================


======================================================================
📊 EPISODIO 15,300 | ⏱️  00:30:29
======================================================================
  🏆 Best Score     :  34 mele
  📈 Avg (100 ep)   :  9.49 mele
  🎲 Epsilon        : 0.0679 (93.2% sfruttamento)
  💾 Memory size    : 200,000 / 200,000
  ⚡ Velocità       : 8.7 ep/sec
======================================================================


======================================================================
📊 EPISODIO 15,400 | ⏱️  00:30:44
======================================================================
  🏆 Best Score     :  34 mele
  📈 Avg (100 ep)   : 11.34 mele
  🎲 Epsilon        : 0.0677 (93.2% sfruttamento)
  💾 Memory size    : 200,000 / 200,000
  ⚡ Velocità       : 6.6 ep/sec
======================================================================


======================================================================
📊 EPISODIO 15,500 | ⏱️  00:30:59
======================================================================
  🏆 Best Score     :  34 mele
  📈 Avg (100 ep)   :  9.06 mele
  🎲 Epsilon        : 0.0676 (93.2% sfruttamento)
  💾 Memory size    : 200,000 / 200,000
  ⚡ Velocità       : 6.6 ep/sec
======================================================================


======================================================================
📊 EPISODIO 15,600 | ⏱️  00:31:11
======================================================================
  🏆 Best Score     :  34 mele
  📈 Avg (100 ep)   : 11.21 mele
  🎲 Epsilon        : 0.0675 (93.2% sfruttamento)
  💾 Memory size    : 200,000 / 200,000
  ⚡ Velocità       : 8.1 ep/sec
======================================================================


======================================================================
📊 EPISODIO 15,700 | ⏱️  00:31:23
======================================================================
  🏆 Best Score     :  34 mele
  📈 Avg (100 ep)   :  6.10 mele
  🎲 Epsilon        : 0.0674 (93.3% sfruttamento)
  💾 Memory size    : 200,000 / 200,000
  ⚡ Velocità       : 8.3 ep/sec
======================================================================


======================================================================
📊 EPISODIO 15,800 | ⏱️  00:31:34
======================================================================
  🏆 Best Score     :  34 mele
  📈 Avg (100 ep)   :  9.57 mele
  🎲 Epsilon        : 0.0674 (93.3% sfruttamento)
  💾 Memory size    : 200,000 / 200,000
  ⚡ Velocità       : 9.4 ep/sec
======================================================================


======================================================================
📊 EPISODIO 15,900 | ⏱️  00:31:44
======================================================================
  🏆 Best Score     :  34 mele
  📈 Avg (100 ep)   :  6.60 mele
  🎲 Epsilon        : 0.0673 (93.3% sfruttamento)
  💾 Memory size    : 200,000 / 200,000
  ⚡ Velocità       : 9.6 ep/sec
======================================================================


======================================================================
📊 EPISODIO 16,000 | ⏱️  00:31:54
======================================================================
  🏆 Best Score     :  34 mele
  📈 Avg (100 ep)   :  7.09 mele
  🎲 Epsilon        : 0.0672 (93.3% sfruttamento)
  💾 Memory size    : 200,000 / 200,000
  ⚡ Velocità       : 10.2 ep/sec
======================================================================


======================================================================
📊 EPISODIO 16,100 | ⏱️  00:32:07
======================================================================
  🏆 Best Score     :  34 mele
  📈 Avg (100 ep)   :  9.04 mele
  🎲 Epsilon        : 0.0671 (93.3% sfruttamento)
  💾 Memory size    : 200,000 / 200,000
  ⚡ Velocità       : 7.6 ep/sec
======================================================================


======================================================================
📊 EPISODIO 16,200 | ⏱️  00:32:20
======================================================================
  🏆 Best Score     :  34 mele
  📈 Avg (100 ep)   :  6.43 mele
  🎲 Epsilon        : 0.0670 (93.3% sfruttamento)
  💾 Memory size    : 200,000 / 200,000
  ⚡ Velocità       : 7.8 ep/sec
======================================================================


======================================================================
📊 EPISODIO 16,300 | ⏱️  00:32:29
======================================================================
  🏆 Best Score     :  34 mele
  📈 Avg (100 ep)   :  8.05 mele
  🎲 Epsilon        : 0.0669 (93.3% sfruttamento)
  💾 Memory size    : 200,000 / 200,000
  ⚡ Velocità       : 11.1 ep/sec
======================================================================


======================================================================
📊 EPISODIO 16,400 | ⏱️  00:32:41
======================================================================
  🏆 Best Score     :  34 mele
  📈 Avg (100 ep)   :  7.13 mele
  🎲 Epsilon        : 0.0668 (93.3% sfruttamento)
  💾 Memory size    : 200,000 / 200,000
  ⚡ Velocità       : 8.3 ep/sec
======================================================================


======================================================================
📊 EPISODIO 16,500 | ⏱️  00:32:54
======================================================================
  🏆 Best Score     :  34 mele
  📈 Avg (100 ep)   :  9.86 mele
  🎲 Epsilon        : 0.0667 (93.3% sfruttamento)
  💾 Memory size    : 200,000 / 200,000
  ⚡ Velocità       : 7.9 ep/sec
======================================================================


======================================================================
📊 EPISODIO 16,600 | ⏱️  00:33:07
======================================================================
  🏆 Best Score     :  34 mele
  📈 Avg (100 ep)   :  9.53 mele
  🎲 Epsilon        : 0.0666 (93.3% sfruttamento)
  💾 Memory size    : 200,000 / 200,000
  ⚡ Velocità       : 7.6 ep/sec
======================================================================


======================================================================
📊 EPISODIO 16,700 | ⏱️  00:33:20
======================================================================
  🏆 Best Score     :  34 mele
  📈 Avg (100 ep)   : 12.47 mele
  🎲 Epsilon        : 0.0665 (93.3% sfruttamento)
  💾 Memory size    : 200,000 / 200,000
  ⚡ Velocità       : 7.8 ep/sec
======================================================================


======================================================================
📊 EPISODIO 16,800 | ⏱️  00:33:31
======================================================================
  🏆 Best Score     :  34 mele
  📈 Avg (100 ep)   :  4.78 mele
  🎲 Epsilon        : 0.0664 (93.4% sfruttamento)
  💾 Memory size    : 200,000 / 200,000
  ⚡ Velocità       : 8.8 ep/sec
======================================================================


======================================================================
📊 EPISODIO 16,900 | ⏱️  00:33:41
======================================================================
  🏆 Best Score     :  34 mele
  📈 Avg (100 ep)   :  7.69 mele
  🎲 Epsilon        : 0.0664 (93.4% sfruttamento)
  💾 Memory size    : 200,000 / 200,000
  ⚡ Velocità       : 10.5 ep/sec
======================================================================


======================================================================
📊 EPISODIO 17,000 | ⏱️  00:33:52
======================================================================
  🏆 Best Score     :  34 mele
  📈 Avg (100 ep)   :  6.39 mele
  🎲 Epsilon        : 0.0663 (93.4% sfruttamento)
  💾 Memory size    : 200,000 / 200,000
  ⚡ Velocità       : 9.0 ep/sec
======================================================================


======================================================================
📊 EPISODIO 17,100 | ⏱️  00:34:03
======================================================================
  🏆 Best Score     :  34 mele
  📈 Avg (100 ep)   :  8.26 mele
  🎲 Epsilon        : 0.0662 (93.4% sfruttamento)
  💾 Memory size    : 200,000 / 200,000
  ⚡ Velocità       : 9.3 ep/sec
======================================================================


======================================================================
📊 EPISODIO 17,200 | ⏱️  00:34:09
======================================================================
  🏆 Best Score     :  34 mele
  📈 Avg (100 ep)   :  5.03 mele
  🎲 Epsilon        : 0.0661 (93.4% sfruttamento)
  💾 Memory size    : 200,000 / 200,000
  ⚡ Velocità       : 15.8 ep/sec
======================================================================


======================================================================
📊 EPISODIO 17,300 | ⏱️  00:34:22
======================================================================
  🏆 Best Score     :  34 mele
  📈 Avg (100 ep)   :  5.38 mele
  🎲 Epsilon        : 0.0660 (93.4% sfruttamento)
  💾 Memory size    : 200,000 / 200,000
  ⚡ Velocità       : 7.9 ep/sec
======================================================================


======================================================================
📊 EPISODIO 17,400 | ⏱️  00:34:32
======================================================================
  🏆 Best Score     :  34 mele
  📈 Avg (100 ep)   :  9.70 mele
  🎲 Epsilon        : 0.0660 (93.4% sfruttamento)
  💾 Memory size    : 200,000 / 200,000
  ⚡ Velocità       : 10.0 ep/sec
======================================================================


======================================================================
📊 EPISODIO 17,500 | ⏱️  00:34:44
======================================================================
  🏆 Best Score     :  34 mele
  📈 Avg (100 ep)   :  7.83 mele
  🎲 Epsilon        : 0.0659 (93.4% sfruttamento)
  💾 Memory size    : 200,000 / 200,000
  ⚡ Velocità       : 8.2 ep/sec
======================================================================


======================================================================
📊 EPISODIO 17,600 | ⏱️  00:34:53
======================================================================
  🏆 Best Score     :  34 mele
  📈 Avg (100 ep)   :  7.40 mele
  🎲 Epsilon        : 0.0658 (93.4% sfruttamento)
  💾 Memory size    : 200,000 / 200,000
  ⚡ Velocità       : 10.5 ep/sec
======================================================================


======================================================================
📊 EPISODIO 17,700 | ⏱️  00:35:12
======================================================================
  🏆 Best Score     :  34 mele
  📈 Avg (100 ep)   : 11.89 mele
  🎲 Epsilon        : 0.0657 (93.4% sfruttamento)
  💾 Memory size    : 200,000 / 200,000
  ⚡ Velocità       : 5.4 ep/sec
======================================================================


======================================================================
📊 EPISODIO 17,800 | ⏱️  00:35:22
======================================================================
  🏆 Best Score     :  34 mele
  📈 Avg (100 ep)   :  8.74 mele
  🎲 Epsilon        : 0.0656 (93.4% sfruttamento)
  💾 Memory size    : 200,000 / 200,000
  ⚡ Velocità       : 10.0 ep/sec
======================================================================


======================================================================
📊 EPISODIO 17,900 | ⏱️  00:35:33
======================================================================
  🏆 Best Score     :  34 mele
  📈 Avg (100 ep)   :  7.06 mele
  🎲 Epsilon        : 0.0655 (93.4% sfruttamento)
  💾 Memory size    : 200,000 / 200,000
  ⚡ Velocità       : 8.9 ep/sec
======================================================================


======================================================================
📊 EPISODIO 18,000 | ⏱️  00:35:48
======================================================================
  🏆 Best Score     :  34 mele
  📈 Avg (100 ep)   :  9.01 mele
  🎲 Epsilon        : 0.0654 (93.5% sfruttamento)
  💾 Memory size    : 200,000 / 200,000
  ⚡ Velocità       : 6.6 ep/sec
======================================================================


======================================================================
📊 EPISODIO 18,100 | ⏱️  00:36:01
======================================================================
  🏆 Best Score     :  34 mele
  📈 Avg (100 ep)   :  8.53 mele
  🎲 Epsilon        : 0.0653 (93.5% sfruttamento)
  💾 Memory size    : 200,000 / 200,000
  ⚡ Velocità       : 7.5 ep/sec
======================================================================


======================================================================
📊 EPISODIO 18,200 | ⏱️  00:36:14
======================================================================
  🏆 Best Score     :  34 mele
  📈 Avg (100 ep)   :  9.06 mele
  🎲 Epsilon        : 0.0652 (93.5% sfruttamento)
  💾 Memory size    : 200,000 / 200,000
  ⚡ Velocità       : 7.9 ep/sec
======================================================================


======================================================================
📊 EPISODIO 18,300 | ⏱️  00:36:28
======================================================================
  🏆 Best Score     :  34 mele
  📈 Avg (100 ep)   :  8.96 mele
  🎲 Epsilon        : 0.0651 (93.5% sfruttamento)
  💾 Memory size    : 200,000 / 200,000
  ⚡ Velocità       : 7.1 ep/sec
======================================================================


======================================================================
📊 EPISODIO 18,400 | ⏱️  00:36:44
======================================================================
  🏆 Best Score     :  34 mele
  📈 Avg (100 ep)   : 11.10 mele
  🎲 Epsilon        : 0.0650 (93.5% sfruttamento)
  💾 Memory size    : 200,000 / 200,000
  ⚡ Velocità       : 6.1 ep/sec
======================================================================


======================================================================
📊 EPISODIO 18,500 | ⏱️  00:36:58
======================================================================
  🏆 Best Score     :  34 mele
  📈 Avg (100 ep)   :  8.39 mele
  🎲 Epsilon        : 0.0649 (93.5% sfruttamento)
  💾 Memory size    : 200,000 / 200,000
  ⚡ Velocità       : 7.3 ep/sec
======================================================================


======================================================================
📊 EPISODIO 18,600 | ⏱️  00:37:11
======================================================================
  🏆 Best Score     :  34 mele
  📈 Avg (100 ep)   :  9.94 mele
  🎲 Epsilon        : 0.0648 (93.5% sfruttamento)
  💾 Memory size    : 200,000 / 200,000
  ⚡ Velocità       : 7.6 ep/sec
======================================================================


======================================================================
📊 EPISODIO 18,700 | ⏱️  00:37:24
======================================================================
  🏆 Best Score     :  34 mele
  📈 Avg (100 ep)   :  5.97 mele
  🎲 Epsilon        : 0.0647 (93.5% sfruttamento)
  💾 Memory size    : 200,000 / 200,000
  ⚡ Velocità       : 8.0 ep/sec
======================================================================


======================================================================
📊 EPISODIO 18,800 | ⏱️  00:37:39
======================================================================
  🏆 Best Score     :  34 mele
  📈 Avg (100 ep)   : 11.24 mele
  🎲 Epsilon        : 0.0646 (93.5% sfruttamento)
  💾 Memory size    : 200,000 / 200,000
  ⚡ Velocità       : 6.5 ep/sec
======================================================================


======================================================================
📊 EPISODIO 18,900 | ⏱️  00:37:49
======================================================================
  🏆 Best Score     :  34 mele
  📈 Avg (100 ep)   :  6.18 mele
  🎲 Epsilon        : 0.0646 (93.5% sfruttamento)
  💾 Memory size    : 200,000 / 200,000
  ⚡ Velocità       : 9.9 ep/sec
======================================================================


======================================================================
📊 EPISODIO 19,000 | ⏱️  00:38:04
======================================================================
  🏆 Best Score     :  34 mele
  📈 Avg (100 ep)   :  7.84 mele
  🎲 Epsilon        : 0.0644 (93.6% sfruttamento)
  💾 Memory size    : 200,000 / 200,000
  ⚡ Velocità       : 6.9 ep/sec
======================================================================


======================================================================
📊 EPISODIO 19,100 | ⏱️  00:38:19
======================================================================
  🏆 Best Score     :  34 mele
  📈 Avg (100 ep)   : 10.80 mele
  🎲 Epsilon        : 0.0643 (93.6% sfruttamento)
  💾 Memory size    : 200,000 / 200,000
  ⚡ Velocità       : 6.6 ep/sec
======================================================================


======================================================================
📊 EPISODIO 19,200 | ⏱️  00:38:32
======================================================================
  🏆 Best Score     :  34 mele
  📈 Avg (100 ep)   :  9.23 mele
  🎲 Epsilon        : 0.0642 (93.6% sfruttamento)
  💾 Memory size    : 200,000 / 200,000
  ⚡ Velocità       : 7.5 ep/sec
======================================================================


======================================================================
📊 EPISODIO 19,300 | ⏱️  00:38:42
======================================================================
  🏆 Best Score     :  34 mele
  📈 Avg (100 ep)   :  7.68 mele
  🎲 Epsilon        : 0.0642 (93.6% sfruttamento)
  💾 Memory size    : 200,000 / 200,000
  ⚡ Velocità       : 9.6 ep/sec
======================================================================


======================================================================
📊 EPISODIO 19,400 | ⏱️  00:38:55
======================================================================
  🏆 Best Score     :  34 mele
  📈 Avg (100 ep)   :  8.79 mele
  🎲 Epsilon        : 0.0641 (93.6% sfruttamento)
  💾 Memory size    : 200,000 / 200,000
  ⚡ Velocità       : 8.0 ep/sec
======================================================================


======================================================================
📊 EPISODIO 19,500 | ⏱️  00:39:11
======================================================================
  🏆 Best Score     :  34 mele
  📈 Avg (100 ep)   :  7.91 mele
  🎲 Epsilon        : 0.0640 (93.6% sfruttamento)
  💾 Memory size    : 200,000 / 200,000
  ⚡ Velocità       : 6.2 ep/sec
======================================================================


======================================================================
📊 EPISODIO 19,600 | ⏱️  00:39:23
======================================================================
  🏆 Best Score     :  34 mele
  📈 Avg (100 ep)   :  8.74 mele
  🎲 Epsilon        : 0.0639 (93.6% sfruttamento)
  💾 Memory size    : 200,000 / 200,000
  ⚡ Velocità       : 8.5 ep/sec
======================================================================


======================================================================
📊 EPISODIO 19,700 | ⏱️  00:39:39
======================================================================
  🏆 Best Score     :  34 mele
  📈 Avg (100 ep)   :  8.17 mele
  🎲 Epsilon        : 0.0638 (93.6% sfruttamento)
  💾 Memory size    : 200,000 / 200,000
  ⚡ Velocità       : 6.4 ep/sec
======================================================================


======================================================================
📊 EPISODIO 19,800 | ⏱️  00:39:53
======================================================================
  🏆 Best Score     :  34 mele
  📈 Avg (100 ep)   : 11.68 mele
  🎲 Epsilon        : 0.0637 (93.6% sfruttamento)
  💾 Memory size    : 200,000 / 200,000
  ⚡ Velocità       : 7.0 ep/sec
======================================================================


======================================================================
📊 EPISODIO 19,900 | ⏱️  00:40:05
======================================================================
  🏆 Best Score     :  34 mele
  📈 Avg (100 ep)   :  7.77 mele
  🎲 Epsilon        : 0.0636 (93.6% sfruttamento)
  💾 Memory size    : 200,000 / 200,000
  ⚡ Velocità       : 8.0 ep/sec
======================================================================

💾 Checkpoint salvato (Episodio 20,000)

======================================================================
📊 EPISODIO 20,000 | ⏱️  00:40:22
======================================================================
  🏆 Best Score     :  34 mele
  📈 Avg (100 ep)   :  9.73 mele
  🎲 Epsilon        : 0.0635 (93.6% sfruttamento)
  💾 Memory size    : 200,000 / 200,000
  ⚡ Velocità       : 6.0 ep/sec
======================================================================


======================================================================
📊 EPISODIO 20,100 | ⏱️  00:40:38
======================================================================
  🏆 Best Score     :  34 mele
  📈 Avg (100 ep)   :  9.66 mele
  🎲 Epsilon        : 0.0634 (93.7% sfruttamento)
  💾 Memory size    : 200,000 / 200,000
  ⚡ Velocità       : 6.2 ep/sec
======================================================================


======================================================================
📊 EPISODIO 20,200 | ⏱️  00:40:51
======================================================================
  🏆 Best Score     :  34 mele
  📈 Avg (100 ep)   : 11.17 mele
  🎲 Epsilon        : 0.0633 (93.7% sfruttamento)
  💾 Memory size    : 200,000 / 200,000
  ⚡ Velocità       : 8.3 ep/sec
======================================================================


======================================================================
📊 EPISODIO 20,300 | ⏱️  00:41:08
======================================================================
  🏆 Best Score     :  34 mele
  📈 Avg (100 ep)   : 10.31 mele
  🎲 Epsilon        : 0.0632 (93.7% sfruttamento)
  💾 Memory size    : 200,000 / 200,000
  ⚡ Velocità       : 5.6 ep/sec
======================================================================


======================================================================
📊 EPISODIO 20,400 | ⏱️  00:41:22
======================================================================
  🏆 Best Score     :  34 mele
  📈 Avg (100 ep)   :  8.76 mele
  🎲 Epsilon        : 0.0631 (93.7% sfruttamento)
  💾 Memory size    : 200,000 / 200,000
  ⚡ Velocità       : 7.2 ep/sec
======================================================================


======================================================================
📊 EPISODIO 20,500 | ⏱️  00:41:37
======================================================================
  🏆 Best Score     :  34 mele
  📈 Avg (100 ep)   : 11.57 mele
  🎲 Epsilon        : 0.0630 (93.7% sfruttamento)
  💾 Memory size    : 200,000 / 200,000
  ⚡ Velocità       : 6.9 ep/sec
======================================================================


======================================================================
📊 EPISODIO 20,600 | ⏱️  00:41:46
======================================================================
  🏆 Best Score     :  34 mele
  📈 Avg (100 ep)   :  7.22 mele
  🎲 Epsilon        : 0.0629 (93.7% sfruttamento)
  💾 Memory size    : 200,000 / 200,000
  ⚡ Velocità       : 10.6 ep/sec
======================================================================


======================================================================
📊 EPISODIO 20,700 | ⏱️  00:42:02
======================================================================
  🏆 Best Score     :  34 mele
  📈 Avg (100 ep)   :  7.52 mele
  🎲 Epsilon        : 0.0628 (93.7% sfruttamento)
  💾 Memory size    : 200,000 / 200,000
  ⚡ Velocità       : 6.5 ep/sec
======================================================================


======================================================================
📊 EPISODIO 20,800 | ⏱️  00:42:13
======================================================================
  🏆 Best Score     :  34 mele
  📈 Avg (100 ep)   :  9.64 mele
  🎲 Epsilon        : 0.0627 (93.7% sfruttamento)
  💾 Memory size    : 200,000 / 200,000
  ⚡ Velocità       : 8.7 ep/sec
======================================================================


======================================================================
📊 EPISODIO 20,900 | ⏱️  00:42:23
======================================================================
  🏆 Best Score     :  34 mele
  📈 Avg (100 ep)   :  6.03 mele
  🎲 Epsilon        : 0.0627 (93.7% sfruttamento)
  💾 Memory size    : 200,000 / 200,000
  ⚡ Velocità       : 10.7 ep/sec
======================================================================


======================================================================
📊 EPISODIO 21,000 | ⏱️  00:42:36
======================================================================
  🏆 Best Score     :  34 mele
  📈 Avg (100 ep)   :  8.74 mele
  🎲 Epsilon        : 0.0626 (93.7% sfruttamento)
  💾 Memory size    : 200,000 / 200,000
  ⚡ Velocità       : 7.4 ep/sec
======================================================================


======================================================================
📊 EPISODIO 21,100 | ⏱️  00:42:52
======================================================================
  🏆 Best Score     :  34 mele
  📈 Avg (100 ep)   :  8.39 mele
  🎲 Epsilon        : 0.0625 (93.8% sfruttamento)
  💾 Memory size    : 200,000 / 200,000
  ⚡ Velocità       : 6.3 ep/sec
======================================================================


======================================================================
📊 EPISODIO 21,200 | ⏱️  00:43:06
======================================================================
  🏆 Best Score     :  34 mele
  📈 Avg (100 ep)   : 12.28 mele
  🎲 Epsilon        : 0.0624 (93.8% sfruttamento)
  💾 Memory size    : 200,000 / 200,000
  ⚡ Velocità       : 7.1 ep/sec
======================================================================


======================================================================
📊 EPISODIO 21,300 | ⏱️  00:43:22
======================================================================
  🏆 Best Score     :  34 mele
  📈 Avg (100 ep)   : 11.78 mele
  🎲 Epsilon        : 0.0622 (93.8% sfruttamento)
  💾 Memory size    : 200,000 / 200,000
  ⚡ Velocità       : 6.2 ep/sec
======================================================================


======================================================================
📊 EPISODIO 21,400 | ⏱️  00:43:34
======================================================================
  🏆 Best Score     :  34 mele
  📈 Avg (100 ep)   :  8.40 mele
  🎲 Epsilon        : 0.0622 (93.8% sfruttamento)
  💾 Memory size    : 200,000 / 200,000
  ⚡ Velocità       : 8.5 ep/sec
======================================================================


======================================================================
📊 EPISODIO 21,500 | ⏱️  00:43:48
======================================================================
  🏆 Best Score     :  34 mele
  📈 Avg (100 ep)   :  9.52 mele
  🎲 Epsilon        : 0.0621 (93.8% sfruttamento)
  💾 Memory size    : 200,000 / 200,000
  ⚡ Velocità       : 6.9 ep/sec
======================================================================


======================================================================
📊 EPISODIO 21,600 | ⏱️  00:43:59
======================================================================
  🏆 Best Score     :  34 mele
  📈 Avg (100 ep)   :  7.45 mele
  🎲 Epsilon        : 0.0620 (93.8% sfruttamento)
  💾 Memory size    : 200,000 / 200,000
  ⚡ Velocità       : 9.8 ep/sec
======================================================================


======================================================================
📊 EPISODIO 21,700 | ⏱️  00:44:11
======================================================================
  🏆 Best Score     :  34 mele
  📈 Avg (100 ep)   :  5.76 mele
  🎲 Epsilon        : 0.0619 (93.8% sfruttamento)
  💾 Memory size    : 200,000 / 200,000
  ⚡ Velocità       : 8.0 ep/sec
======================================================================


======================================================================
📊 EPISODIO 21,800 | ⏱️  00:44:26
======================================================================
  🏆 Best Score     :  34 mele
  📈 Avg (100 ep)   : 11.01 mele
  🎲 Epsilon        : 0.0618 (93.8% sfruttamento)
  💾 Memory size    : 200,000 / 200,000
  ⚡ Velocità       : 6.7 ep/sec
======================================================================


======================================================================
📊 EPISODIO 21,900 | ⏱️  00:44:34
======================================================================
  🏆 Best Score     :  34 mele
  📈 Avg (100 ep)   :  7.55 mele
  🎲 Epsilon        : 0.0617 (93.8% sfruttamento)
  💾 Memory size    : 200,000 / 200,000
  ⚡ Velocità       : 11.9 ep/sec
======================================================================


======================================================================
📊 EPISODIO 22,000 | ⏱️  00:44:44
======================================================================
  🏆 Best Score     :  34 mele
  📈 Avg (100 ep)   :  5.38 mele
  🎲 Epsilon        : 0.0617 (93.8% sfruttamento)
  💾 Memory size    : 200,000 / 200,000
  ⚡ Velocità       : 10.1 ep/sec
======================================================================


======================================================================
📊 EPISODIO 22,100 | ⏱️  00:45:01
======================================================================
  🏆 Best Score     :  34 mele
  📈 Avg (100 ep)   :  9.11 mele
  🎲 Epsilon        : 0.0616 (93.8% sfruttamento)
  💾 Memory size    : 200,000 / 200,000
  ⚡ Velocità       : 6.0 ep/sec
======================================================================


======================================================================
📊 EPISODIO 22,200 | ⏱️  00:45:19
======================================================================
  🏆 Best Score     :  34 mele
  📈 Avg (100 ep)   : 12.77 mele
  🎲 Epsilon        : 0.0615 (93.9% sfruttamento)
  💾 Memory size    : 200,000 / 200,000
  ⚡ Velocità       : 5.4 ep/sec
======================================================================


======================================================================
📊 EPISODIO 22,300 | ⏱️  00:45:32
======================================================================
  🏆 Best Score     :  34 mele
  📈 Avg (100 ep)   : 10.69 mele
  🎲 Epsilon        : 0.0614 (93.9% sfruttamento)
  💾 Memory size    : 200,000 / 200,000
  ⚡ Velocità       : 7.8 ep/sec
======================================================================


======================================================================
📊 EPISODIO 22,400 | ⏱️  00:45:50
======================================================================
  🏆 Best Score     :  34 mele
  📈 Avg (100 ep)   : 13.62 mele
  🎲 Epsilon        : 0.0613 (93.9% sfruttamento)
  💾 Memory size    : 200,000 / 200,000
  ⚡ Velocità       : 5.7 ep/sec
======================================================================


======================================================================
📊 EPISODIO 22,500 | ⏱️  00:46:06
======================================================================
  🏆 Best Score     :  34 mele
  📈 Avg (100 ep)   :  9.17 mele
  🎲 Epsilon        : 0.0612 (93.9% sfruttamento)
  💾 Memory size    : 200,000 / 200,000
  ⚡ Velocità       : 6.3 ep/sec
======================================================================


======================================================================
📊 EPISODIO 22,600 | ⏱️  00:46:23
======================================================================
  🏆 Best Score     :  34 mele
  📈 Avg (100 ep)   : 12.30 mele
  🎲 Epsilon        : 0.0610 (93.9% sfruttamento)
  💾 Memory size    : 200,000 / 200,000
  ⚡ Velocità       : 5.8 ep/sec
======================================================================


======================================================================
📊 EPISODIO 22,700 | ⏱️  00:46:34
======================================================================
  🏆 Best Score     :  34 mele
  📈 Avg (100 ep)   :  9.50 mele
  🎲 Epsilon        : 0.0610 (93.9% sfruttamento)
  💾 Memory size    : 200,000 / 200,000
  ⚡ Velocità       : 8.9 ep/sec
======================================================================


⚠️  TRAINING INTERROTTO!
✅ Checkpoint salvato!

======================================================================
✅ TRAINING COMPLETATO!
  📊 Episodi  : 22,703
  🏆 Best     : 34 mele
  💾 Modello  : C:\Users\carlo\Desktop\Progetti-AI\Snake\models\snake_model_final.pt
  📝 Log      : C:\Users\carlo\Desktop\Progetti-AI\Snake\logs\train_20260321_131857.log
======================================================================

