
======================================================================
🐍 SNAKE AI - TRAINING CON SUMTREE OTTIMIZZATO
======================================================================
  🖥️  Device           : cuda
  🌍 Ambienti paralleli: 64
  📦 Batch size        : 1024
  🎯 Target episodi    : 50,000
  📊 Log ogni          : 100 episodi
  💾 Auto-save ogni    : 5,000 episodi
  📝 Log file          : C:\Users\carlo\Desktop\Progetti-AI\Snake\logs\train_20260312_215018.log
======================================================================

🔧 Inizializzazione modelli...
✓ Modelli creati
🔍 Caricamento modello da: C:\Users\carlo\Desktop\Progetti-AI\Snake\models\snake_model_best.pt
✅ Modello caricato con successo!
📊 Best score precedente: 36

💾 Inizializzazione SumTree Prioritized Replay Buffer...
✓ SumTree pronto (O(log N) sampling!)
🌍 Inizializzazione 64 ambienti paralleli...
✓ Ambienti pronti

======================================================================
🚀 TRAINING INIZIATO!
======================================================================
📊 Statistiche dettagliate ogni 100 episodi
🎉 Ogni nuovo record verrà festeggiato!
💾 Checkpoint automatico ogni 5,000 episodi
📝 Tutto viene salvato in: C:\Users\carlo\Desktop\Progetti-AI\Snake\logs\train_20260312_215018.log


======================================================================
📊 EPISODIO 100 | ⏱️  00:00:12
======================================================================
  🏆 Best Score     :  36 mele
  📈 Avg (100 ep)   :  7.98 mele
  🎲 Epsilon        : 0.1382 (86.2% sfruttamento)
  💾 Memory size    : 16,432 / 200,000
  ⚡ Velocità       : 7.9 ep/sec
======================================================================


======================================================================
📊 EPISODIO 200 | ⏱️  00:00:19
======================================================================
  🏆 Best Score     :  36 mele
  📈 Avg (100 ep)   :  7.97 mele
  🎲 Epsilon        : 0.1380 (86.2% sfruttamento)
  💾 Memory size    : 25,917 / 200,000
  ⚡ Velocità       : 14.5 ep/sec
======================================================================


======================================================================
📊 EPISODIO 300 | ⏱️  00:00:26
======================================================================
  🏆 Best Score     :  36 mele
  📈 Avg (100 ep)   :  5.49 mele
  🎲 Epsilon        : 0.1379 (86.2% sfruttamento)
  💾 Memory size    : 34,770 / 200,000
  ⚡ Velocità       : 15.1 ep/sec
======================================================================


======================================================================
📊 EPISODIO 400 | ⏱️  00:00:33
======================================================================
  🏆 Best Score     :  36 mele
  📈 Avg (100 ep)   :  5.71 mele
  🎲 Epsilon        : 0.1377 (86.2% sfruttamento)
  💾 Memory size    : 45,345 / 200,000
  ⚡ Velocità       : 12.8 ep/sec
======================================================================


======================================================================
📊 EPISODIO 500 | ⏱️  00:00:41
======================================================================
  🏆 Best Score     :  36 mele
  📈 Avg (100 ep)   :  7.40 mele
  🎲 Epsilon        : 0.1375 (86.2% sfruttamento)
  💾 Memory size    : 55,144 / 200,000
  ⚡ Velocità       : 13.3 ep/sec
======================================================================


======================================================================
📊 EPISODIO 600 | ⏱️  00:00:48
======================================================================
  🏆 Best Score     :  36 mele
  📈 Avg (100 ep)   :  5.97 mele
  🎲 Epsilon        : 0.1374 (86.3% sfruttamento)
  💾 Memory size    : 64,871 / 200,000
  ⚡ Velocità       : 13.5 ep/sec
======================================================================


======================================================================
📊 EPISODIO 700 | ⏱️  00:00:55
======================================================================
  🏆 Best Score     :  36 mele
  📈 Avg (100 ep)   :  5.81 mele
  🎲 Epsilon        : 0.1372 (86.3% sfruttamento)
  💾 Memory size    : 73,794 / 200,000
  ⚡ Velocità       : 15.2 ep/sec
======================================================================


======================================================================
📊 EPISODIO 800 | ⏱️  00:01:02
======================================================================
  🏆 Best Score     :  36 mele
  📈 Avg (100 ep)   :  5.30 mele
  🎲 Epsilon        : 0.1371 (86.3% sfruttamento)
  💾 Memory size    : 83,149 / 200,000
  ⚡ Velocità       : 14.6 ep/sec
======================================================================


======================================================================
📊 EPISODIO 900 | ⏱️  00:01:08
======================================================================
  🏆 Best Score     :  36 mele
  📈 Avg (100 ep)   :  4.79 mele
  🎲 Epsilon        : 0.1369 (86.3% sfruttamento)
  💾 Memory size    : 91,437 / 200,000
  ⚡ Velocità       : 16.6 ep/sec
======================================================================


======================================================================
📊 EPISODIO 1,000 | ⏱️  00:01:14
======================================================================
  🏆 Best Score     :  36 mele
  📈 Avg (100 ep)   :  4.50 mele
  🎲 Epsilon        : 0.1368 (86.3% sfruttamento)
  💾 Memory size    : 99,686 / 200,000
  ⚡ Velocità       : 15.7 ep/sec
======================================================================


======================================================================
📊 EPISODIO 1,100 | ⏱️  00:01:21
======================================================================
  🏆 Best Score     :  36 mele
  📈 Avg (100 ep)   :  5.32 mele
  🎲 Epsilon        : 0.1366 (86.3% sfruttamento)
  💾 Memory size    : 109,072 / 200,000
  ⚡ Velocità       : 13.7 ep/sec
======================================================================


======================================================================
📊 EPISODIO 1,200 | ⏱️  00:01:30
======================================================================
  🏆 Best Score     :  36 mele
  📈 Avg (100 ep)   :  6.04 mele
  🎲 Epsilon        : 0.1364 (86.4% sfruttamento)
  💾 Memory size    : 119,359 / 200,000
  ⚡ Velocità       : 11.9 ep/sec
======================================================================


======================================================================
📊 EPISODIO 1,300 | ⏱️  00:01:37
======================================================================
  🏆 Best Score     :  36 mele
  📈 Avg (100 ep)   :  7.52 mele
  🎲 Epsilon        : 0.1363 (86.4% sfruttamento)
  💾 Memory size    : 127,853 / 200,000
  ⚡ Velocità       : 14.6 ep/sec
======================================================================


======================================================================
📊 EPISODIO 1,400 | ⏱️  00:01:46
======================================================================
  🏆 Best Score     :  36 mele
  📈 Avg (100 ep)   :  7.90 mele
  🎲 Epsilon        : 0.1361 (86.4% sfruttamento)
  💾 Memory size    : 140,374 / 200,000
  ⚡ Velocità       : 10.4 ep/sec
======================================================================


======================================================================
📊 EPISODIO 1,500 | ⏱️  00:01:55
======================================================================
  🏆 Best Score     :  36 mele
  📈 Avg (100 ep)   :  7.83 mele
  🎲 Epsilon        : 0.1360 (86.4% sfruttamento)
  💾 Memory size    : 150,527 / 200,000
  ⚡ Velocità       : 11.9 ep/sec
======================================================================


======================================================================
📊 EPISODIO 1,600 | ⏱️  00:02:04
======================================================================
  🏆 Best Score     :  36 mele
  📈 Avg (100 ep)   :  8.20 mele
  🎲 Epsilon        : 0.1358 (86.4% sfruttamento)
  💾 Memory size    : 161,886 / 200,000
  ⚡ Velocità       : 10.7 ep/sec
======================================================================


======================================================================
📊 EPISODIO 1,700 | ⏱️  00:02:13
======================================================================
  🏆 Best Score     :  36 mele
  📈 Avg (100 ep)   :  8.43 mele
  🎲 Epsilon        : 0.1356 (86.4% sfruttamento)
  💾 Memory size    : 173,119 / 200,000
  ⚡ Velocità       : 11.5 ep/sec
======================================================================


======================================================================
📊 EPISODIO 1,800 | ⏱️  00:02:20
======================================================================
  🏆 Best Score     :  36 mele
  📈 Avg (100 ep)   :  8.70 mele
  🎲 Epsilon        : 0.1354 (86.5% sfruttamento)
  💾 Memory size    : 182,632 / 200,000
  ⚡ Velocità       : 13.9 ep/sec
======================================================================


======================================================================
📊 EPISODIO 1,900 | ⏱️  00:02:31
======================================================================
  🏆 Best Score     :  36 mele
  📈 Avg (100 ep)   :  9.15 mele
  🎲 Epsilon        : 0.1352 (86.5% sfruttamento)
  💾 Memory size    : 196,595 / 200,000
  ⚡ Velocità       : 9.4 ep/sec
======================================================================


======================================================================
📊 EPISODIO 2,000 | ⏱️  00:02:39
======================================================================
  🏆 Best Score     :  36 mele
  📈 Avg (100 ep)   : 10.17 mele
  🎲 Epsilon        : 0.1350 (86.5% sfruttamento)
  💾 Memory size    : 200,000 / 200,000
  ⚡ Velocità       : 11.7 ep/sec
======================================================================


======================================================================
📊 EPISODIO 2,100 | ⏱️  00:02:48
======================================================================
  🏆 Best Score     :  36 mele
  📈 Avg (100 ep)   :  8.13 mele
  🎲 Epsilon        : 0.1348 (86.5% sfruttamento)
  💾 Memory size    : 200,000 / 200,000
  ⚡ Velocità       : 11.4 ep/sec
======================================================================


======================================================================
📊 EPISODIO 2,200 | ⏱️  00:02:56
======================================================================
  🏆 Best Score     :  36 mele
  📈 Avg (100 ep)   :  7.23 mele
  🎲 Epsilon        : 0.1347 (86.5% sfruttamento)
  💾 Memory size    : 200,000 / 200,000
  ⚡ Velocità       : 12.4 ep/sec
======================================================================


======================================================================
📊 EPISODIO 2,300 | ⏱️  00:03:06
======================================================================
  🏆 Best Score     :  36 mele
  📈 Avg (100 ep)   :  8.49 mele
  🎲 Epsilon        : 0.1345 (86.6% sfruttamento)
  💾 Memory size    : 200,000 / 200,000
  ⚡ Velocità       : 10.1 ep/sec
======================================================================


======================================================================
📊 EPISODIO 2,400 | ⏱️  00:03:15
======================================================================
  🏆 Best Score     :  36 mele
  📈 Avg (100 ep)   :  9.70 mele
  🎲 Epsilon        : 0.1343 (86.6% sfruttamento)
  💾 Memory size    : 200,000 / 200,000
  ⚡ Velocità       : 10.5 ep/sec
======================================================================


======================================================================
📊 EPISODIO 2,500 | ⏱️  00:03:22
======================================================================
  🏆 Best Score     :  36 mele
  📈 Avg (100 ep)   :  7.80 mele
  🎲 Epsilon        : 0.1341 (86.6% sfruttamento)
  💾 Memory size    : 200,000 / 200,000
  ⚡ Velocità       : 15.0 ep/sec
======================================================================


======================================================================
📊 EPISODIO 2,600 | ⏱️  00:03:30
======================================================================
  🏆 Best Score     :  36 mele
  📈 Avg (100 ep)   :  6.68 mele
  🎲 Epsilon        : 0.1339 (86.6% sfruttamento)
  💾 Memory size    : 200,000 / 200,000
  ⚡ Velocità       : 12.1 ep/sec
======================================================================


======================================================================
📊 EPISODIO 2,700 | ⏱️  00:03:39
======================================================================
  🏆 Best Score     :  36 mele
  📈 Avg (100 ep)   :  8.68 mele
  🎲 Epsilon        : 0.1338 (86.6% sfruttamento)
  💾 Memory size    : 200,000 / 200,000
  ⚡ Velocità       : 11.1 ep/sec
======================================================================


======================================================================
📊 EPISODIO 2,800 | ⏱️  00:03:47
======================================================================
  🏆 Best Score     :  36 mele
  📈 Avg (100 ep)   :  8.62 mele
  🎲 Epsilon        : 0.1336 (86.6% sfruttamento)
  💾 Memory size    : 200,000 / 200,000
  ⚡ Velocità       : 12.3 ep/sec
======================================================================


======================================================================
📊 EPISODIO 2,900 | ⏱️  00:03:57
======================================================================
  🏆 Best Score     :  36 mele
  📈 Avg (100 ep)   :  9.02 mele
  🎲 Epsilon        : 0.1334 (86.7% sfruttamento)
  💾 Memory size    : 200,000 / 200,000
  ⚡ Velocità       : 10.0 ep/sec
======================================================================



⚠️  TRAINING INTERROTTO!
💾 Salvataggio checkpoint finale...
✅ Checkpoint salvato!

======================================================================
✅ TRAINING COMPLETATO!
======================================================================
  📊 Episodi totali  : 2,955
  🏆 Best score      : 36 mele
  💾 Modello salvato : C:\Users\carlo\Desktop\Progetti-AI\Snake\models\snake_model_final.pt
  💾 Best model      : C:\Users\carlo\Desktop\Progetti-AI\Snake\models\snake_model_best.pt
  💾 Checkpoint      : C:\Users\carlo\Desktop\Progetti-AI\Snake\models\snake_model_checkpoint.pt
  📝 Log salvato in  : C:\Users\carlo\Desktop\Progetti-AI\Snake\logs\train_20260312_215018.log
======================================================================

